Wed 08 Jun 2022 11:07:01 INFO  
General Hyper Parameters:
gpu_id = 0
use_gpu = True
seed = 2020
state = INFO
reproducibility = True
data_path = Model/dataset/whiskey_with_taste
checkpoint_dir = Model/model_saved
show_progress = True
save_dataset = False
dataset_save_path = None
save_dataloaders = False
dataloaders_save_path = None
log_wandb = False

Training Hyper Parameters:
epochs = 1
train_batch_size = 64
learner = adam
learning_rate = 0.001
neg_sampling = {'popularity': 10}
eval_step = 1
stopping_step = 10
clip_grad_norm = None
weight_decay = 0.0
loss_decimal_place = 4

Evaluation Hyper Parameters:
eval_args = {'split': {'RS': [0.8, 0.1, 0.1]}, 'group_by': 'user', 'order': 'RO', 'mode': 'full'}
repeatable = False
metrics = ['Recall', 'NDCG']
topk = [5, 10]
valid_metric = NDCG@10
valid_metric_bigger = True
eval_batch_size = 256
metric_decimal_place = 4

Dataset Hyper Parameters:
field_separator = 	
seq_separator =  
USER_ID_FIELD = user
ITEM_ID_FIELD = whiskey
RATING_FIELD = rating
TIME_FIELD = None
seq_len = None
LABEL_FIELD = label
threshold = None
NEG_PREFIX = neg_
load_col = {'inter': ['user', 'whiskey', 'rating']}
unload_col = None
unused_col = None
additional_feat_suffix = None
rm_dup_inter = None
val_interval = {'rating': '[0,100]'}
filter_inter_by_user_or_item = True
user_inter_num_interval = [0,inf)
item_inter_num_interval = [0,inf)
alias_of_user_id = None
alias_of_item_id = None
alias_of_entity_id = None
alias_of_relation_id = None
preload_weight = None
normalize_field = None
normalize_all = None
ITEM_LIST_LENGTH_FIELD = item_length
LIST_SUFFIX = _list
MAX_ITEM_LIST_LENGTH = 50
POSITION_FIELD = position_id
HEAD_ENTITY_ID_FIELD = head_id
TAIL_ENTITY_ID_FIELD = tail_id
RELATION_ID_FIELD = relation_id
ENTITY_ID_FIELD = entity_id
benchmark_filename = None

Other Hyper Parameters: 
wandb_project = recbole_whiskey
require_pow = False
hidden_dimension = 600
latent_dimension = 200
dropout_prob = 0.5
beta = 0.2
mixture_weights = [0.15, 0.75, 0.1]
gamma = 0.005
n_enc_epochs = 3
n_dec_epochs = 1
MODEL_TYPE = ModelType.GENERAL
MODEL_INPUT_TYPE = InputType.PAIRWISE
eval_type = EvaluatorType.RANKING
device = cuda
train_neg_sample_args = {'strategy': 'by', 'by': 10, 'distribution': 'popularity', 'dynamic': 'none'}
eval_neg_sample_args = {'strategy': 'full', 'distribution': 'uniform'}


Wed 08 Jun 2022 11:07:04 INFO  whiskey_with_taste
The number of users: 17665
Average actions of users: 30.80366847826087
The number of items: 1126
Average actions of items: 483.65866666666665
The number of inters: 544116
The sparsity of the dataset: 97.26448270782609%
Remain Fields: ['user', 'whiskey', 'rating']
Wed 08 Jun 2022 11:07:06 INFO  [Training]: train_batch_size = [64] negative sampling: [{'popularity': 10}]
Wed 08 Jun 2022 11:07:06 INFO  [Evaluation]: eval_batch_size = [256] eval_args: [{'split': {'RS': [0.8, 0.1, 0.1]}, 'group_by': 'user', 'order': 'RO', 'mode': 'full'}]
Wed 08 Jun 2022 11:07:06 WARNING  Max value of user's history interaction records has reached 72.64653641207815% of the total.
Wed 08 Jun 2022 11:07:07 INFO  Started server process [51701]
Wed 08 Jun 2022 11:07:07 INFO  Waiting for application startup.
Wed 08 Jun 2022 11:07:07 INFO  Application startup complete.
Wed 08 Jun 2022 11:07:34 ERROR  Exception in ASGI application
Traceback (most recent call last):
  File "/opt/ml/venv/lib/python3.8/site-packages/uvicorn/protocols/http/h11_impl.py", line 366, in run_asgi
    result = await app(self.scope, self.receive, self.send)
  File "/opt/ml/venv/lib/python3.8/site-packages/uvicorn/middleware/proxy_headers.py", line 75, in __call__
    return await self.app(scope, receive, send)
  File "/opt/ml/venv/lib/python3.8/site-packages/fastapi/applications.py", line 269, in __call__
    await super().__call__(scope, receive, send)
  File "/opt/ml/venv/lib/python3.8/site-packages/starlette/applications.py", line 124, in __call__
    await self.middleware_stack(scope, receive, send)
  File "/opt/ml/venv/lib/python3.8/site-packages/starlette/middleware/errors.py", line 184, in __call__
    raise exc
  File "/opt/ml/venv/lib/python3.8/site-packages/starlette/middleware/errors.py", line 162, in __call__
    await self.app(scope, receive, _send)
  File "/opt/ml/venv/lib/python3.8/site-packages/starlette/exceptions.py", line 93, in __call__
    raise exc
  File "/opt/ml/venv/lib/python3.8/site-packages/starlette/exceptions.py", line 82, in __call__
    await self.app(scope, receive, sender)
  File "/opt/ml/venv/lib/python3.8/site-packages/fastapi/middleware/asyncexitstack.py", line 21, in __call__
    raise e
  File "/opt/ml/venv/lib/python3.8/site-packages/fastapi/middleware/asyncexitstack.py", line 18, in __call__
    await self.app(scope, receive, send)
  File "/opt/ml/venv/lib/python3.8/site-packages/starlette/routing.py", line 670, in __call__
    await route.handle(scope, receive, send)
  File "/opt/ml/venv/lib/python3.8/site-packages/starlette/routing.py", line 266, in handle
    await self.app(scope, receive, send)
  File "/opt/ml/venv/lib/python3.8/site-packages/starlette/routing.py", line 65, in app
    response = await func(request)
  File "/opt/ml/venv/lib/python3.8/site-packages/fastapi/routing.py", line 227, in app
    raw_response = await run_endpoint_function(
  File "/opt/ml/venv/lib/python3.8/site-packages/fastapi/routing.py", line 160, in run_endpoint_function
    return await dependant.call(**values)
  File "/opt/ml/WeSuki/Backend/main.py", line 55, in make_rec_random
    df_pop = agent._popularity(topk)
  File "/opt/ml/WeSuki/Model/utils.py", line 38, in _popularity
    iterator = pd.read_csv(dir_Pop).iterrows()
  File "/opt/ml/venv/lib/python3.8/site-packages/pandas/util/_decorators.py", line 311, in wrapper
    return func(*args, **kwargs)
  File "/opt/ml/venv/lib/python3.8/site-packages/pandas/io/parsers/readers.py", line 680, in read_csv
    return _read(filepath_or_buffer, kwds)
  File "/opt/ml/venv/lib/python3.8/site-packages/pandas/io/parsers/readers.py", line 575, in _read
    parser = TextFileReader(filepath_or_buffer, **kwds)
  File "/opt/ml/venv/lib/python3.8/site-packages/pandas/io/parsers/readers.py", line 933, in __init__
    self._engine = self._make_engine(f, self.engine)
  File "/opt/ml/venv/lib/python3.8/site-packages/pandas/io/parsers/readers.py", line 1217, in _make_engine
    self.handles = get_handle(  # type: ignore[call-overload]
  File "/opt/ml/venv/lib/python3.8/site-packages/pandas/io/common.py", line 789, in get_handle
    handle = open(
FileNotFoundError: [Errno 2] No such file or directory: 'Dataset/whiskey_with_taste/Pop.csv'
Wed 08 Jun 2022 11:08:11 INFO  Shutting down
Wed 08 Jun 2022 11:08:11 INFO  Waiting for application shutdown.
Wed 08 Jun 2022 11:08:11 INFO  Application shutdown complete.
Wed 08 Jun 2022 11:08:11 INFO  Finished server process [51701]
