Sat 04 Jun 2022 02:44:42 INFO  
General Hyper Parameters:
gpu_id = 0
use_gpu = True
seed = 2020
state = INFO
reproducibility = True
data_path = ../Dataset/whiskey_with_taste
checkpoint_dir = ../model_saved
show_progress = True
save_dataset = False
dataset_save_path = None
save_dataloaders = False
dataloaders_save_path = None
log_wandb = False

Training Hyper Parameters:
epochs = 300
train_batch_size = 64
learner = adam
learning_rate = 0.001
neg_sampling = {'popularity': 10}
eval_step = 1
stopping_step = 10
clip_grad_norm = None
weight_decay = 0.0
loss_decimal_place = 4

Evaluation Hyper Parameters:
eval_args = {'split': {'RS': [0.8, 0.1, 0.1]}, 'group_by': 'user', 'order': 'RO', 'mode': 'full'}
repeatable = False
metrics = ['Recall', 'NDCG']
topk = [5, 10]
valid_metric = NDCG@10
valid_metric_bigger = True
eval_batch_size = 256
metric_decimal_place = 4

Dataset Hyper Parameters:
field_separator = 	
seq_separator =  
USER_ID_FIELD = user
ITEM_ID_FIELD = whiskey
RATING_FIELD = rating
TIME_FIELD = None
seq_len = None
LABEL_FIELD = label
threshold = None
NEG_PREFIX = neg_
load_col = {'inter': ['user', 'whiskey', 'rating']}
unload_col = None
unused_col = None
additional_feat_suffix = None
rm_dup_inter = None
val_interval = {'rating': '[0,100]'}
filter_inter_by_user_or_item = True
user_inter_num_interval = [0,inf)
item_inter_num_interval = [0,inf)
alias_of_user_id = None
alias_of_item_id = None
alias_of_entity_id = None
alias_of_relation_id = None
preload_weight = None
normalize_field = None
normalize_all = None
ITEM_LIST_LENGTH_FIELD = item_length
LIST_SUFFIX = _list
MAX_ITEM_LIST_LENGTH = 50
POSITION_FIELD = position_id
HEAD_ENTITY_ID_FIELD = head_id
TAIL_ENTITY_ID_FIELD = tail_id
RELATION_ID_FIELD = relation_id
ENTITY_ID_FIELD = entity_id
benchmark_filename = None

Other Hyper Parameters: 
wandb_project = recbole_whiskey
require_pow = False
mlp_hidden_size = [600]
latent_dimension = 128
dropout_prob = 0.5
anneal_cap = 0.2
total_anneal_steps = 200000
MODEL_TYPE = ModelType.GENERAL
MODEL_INPUT_TYPE = InputType.PAIRWISE
eval_type = EvaluatorType.RANKING
device = cuda
train_neg_sample_args = {'strategy': 'by', 'by': 10, 'distribution': 'popularity', 'dynamic': 'none'}
eval_neg_sample_args = {'strategy': 'full', 'distribution': 'uniform'}


Sat 04 Jun 2022 02:44:50 INFO  whiskey_with_taste
The number of users: 17665
Average actions of users: 30.80366847826087
The number of items: 1126
Average actions of items: 483.65866666666665
The number of inters: 544116
The sparsity of the dataset: 97.26448270782609%
Remain Fields: ['user', 'whiskey', 'rating']
Sat 04 Jun 2022 02:44:52 INFO  [Training]: train_batch_size = [64] negative sampling: [{'popularity': 10}]
Sat 04 Jun 2022 02:44:52 INFO  [Evaluation]: eval_batch_size = [256] eval_args: [{'split': {'RS': [0.8, 0.1, 0.1]}, 'group_by': 'user', 'order': 'RO', 'mode': 'full'}]
Sat 04 Jun 2022 02:44:52 WARNING  Max value of user's history interaction records has reached 72.64653641207815% of the total.
Sat 04 Jun 2022 02:44:57 INFO  MultiVAE(
  (encoder): Sequential(
    (0): Linear(in_features=1126, out_features=600, bias=True)
    (1): Tanh()
    (2): Linear(in_features=600, out_features=128, bias=True)
  )
  (decoder): Sequential(
    (0): Linear(in_features=64, out_features=600, bias=True)
    (1): Tanh()
    (2): Linear(in_features=600, out_features=1126, bias=True)
  )
)
Trainable parameters: 1468854
Sat 04 Jun 2022 02:44:59 INFO  epoch 0 training [time: 2.16s, train loss: 26951.0939]
Sat 04 Jun 2022 02:46:04 INFO  epoch 0 evaluating [time: 64.72s, valid_score: 0.229800]
Sat 04 Jun 2022 02:46:04 INFO  valid result: 
recall@5 : 0.2151    recall@10 : 0.2931    ndcg@5 : 0.2119    ndcg@10 : 0.2298
Sat 04 Jun 2022 02:46:04 INFO  Saving current: ../model_saved/MultiVAE-Jun-04-2022_02-44-57.pth
Sat 04 Jun 2022 02:46:06 INFO  epoch 1 training [time: 1.93s, train loss: 25458.8220]
Sat 04 Jun 2022 02:47:09 INFO  epoch 1 evaluating [time: 62.96s, valid_score: 0.374400]
Sat 04 Jun 2022 02:47:09 INFO  valid result: 
recall@5 : 0.3579    recall@10 : 0.435    ndcg@5 : 0.358    ndcg@10 : 0.3744
Sat 04 Jun 2022 02:47:09 INFO  Saving current: ../model_saved/MultiVAE-Jun-04-2022_02-44-57.pth
Sat 04 Jun 2022 02:47:11 INFO  epoch 2 training [time: 1.97s, train loss: 24859.5612]
Sat 04 Jun 2022 02:48:14 INFO  epoch 2 evaluating [time: 63.47s, valid_score: 0.426300]
Sat 04 Jun 2022 02:48:14 INFO  valid result: 
recall@5 : 0.4036    recall@10 : 0.4742    ndcg@5 : 0.4138    ndcg@10 : 0.4263
Sat 04 Jun 2022 02:48:14 INFO  Saving current: ../model_saved/MultiVAE-Jun-04-2022_02-44-57.pth
Sat 04 Jun 2022 02:48:16 INFO  epoch 3 training [time: 1.96s, train loss: 24451.2789]
Sat 04 Jun 2022 02:49:20 INFO  epoch 3 evaluating [time: 63.42s, valid_score: 0.448600]
Sat 04 Jun 2022 02:49:20 INFO  valid result: 
recall@5 : 0.4214    recall@10 : 0.4962    ndcg@5 : 0.4353    ndcg@10 : 0.4486
Sat 04 Jun 2022 02:49:20 INFO  Saving current: ../model_saved/MultiVAE-Jun-04-2022_02-44-57.pth
Sat 04 Jun 2022 02:49:22 INFO  epoch 4 training [time: 1.98s, train loss: 24231.5284]
Sat 04 Jun 2022 02:50:26 INFO  epoch 4 evaluating [time: 64.12s, valid_score: 0.457000]
Sat 04 Jun 2022 02:50:26 INFO  valid result: 
recall@5 : 0.4308    recall@10 : 0.5043    ndcg@5 : 0.4443    ndcg@10 : 0.457
Sat 04 Jun 2022 02:50:26 INFO  Saving current: ../model_saved/MultiVAE-Jun-04-2022_02-44-57.pth
Sat 04 Jun 2022 02:50:28 INFO  epoch 5 training [time: 1.92s, train loss: 24085.7832]
Sat 04 Jun 2022 02:51:31 INFO  epoch 5 evaluating [time: 62.76s, valid_score: 0.457800]
Sat 04 Jun 2022 02:51:31 INFO  valid result: 
recall@5 : 0.4337    recall@10 : 0.5086    ndcg@5 : 0.4449    ndcg@10 : 0.4578
Sat 04 Jun 2022 02:51:31 INFO  Saving current: ../model_saved/MultiVAE-Jun-04-2022_02-44-57.pth
Sat 04 Jun 2022 02:51:33 INFO  epoch 6 training [time: 1.87s, train loss: 23964.6283]
Sat 04 Jun 2022 02:52:36 INFO  epoch 6 evaluating [time: 63.22s, valid_score: 0.467500]
Sat 04 Jun 2022 02:52:36 INFO  valid result: 
recall@5 : 0.4378    recall@10 : 0.512    ndcg@5 : 0.455    ndcg@10 : 0.4675
Sat 04 Jun 2022 02:52:36 INFO  Saving current: ../model_saved/MultiVAE-Jun-04-2022_02-44-57.pth
Sat 04 Jun 2022 02:52:38 INFO  epoch 7 training [time: 1.92s, train loss: 23957.1501]
Sat 04 Jun 2022 02:53:40 INFO  epoch 7 evaluating [time: 62.03s, valid_score: 0.456700]
Sat 04 Jun 2022 02:53:40 INFO  valid result: 
recall@5 : 0.4323    recall@10 : 0.5072    ndcg@5 : 0.4439    ndcg@10 : 0.4567
Sat 04 Jun 2022 02:53:42 INFO  epoch 8 training [time: 1.85s, train loss: 23863.9427]
Sat 04 Jun 2022 02:54:44 INFO  epoch 8 evaluating [time: 61.92s, valid_score: 0.459000]
Sat 04 Jun 2022 02:54:44 INFO  valid result: 
recall@5 : 0.432    recall@10 : 0.5111    ndcg@5 : 0.4441    ndcg@10 : 0.459
Sat 04 Jun 2022 02:54:46 INFO  epoch 9 training [time: 1.89s, train loss: 23798.1121]
Sat 04 Jun 2022 02:55:47 INFO  epoch 9 evaluating [time: 61.85s, valid_score: 0.467600]
Sat 04 Jun 2022 02:55:47 INFO  valid result: 
recall@5 : 0.4397    recall@10 : 0.5149    ndcg@5 : 0.4552    ndcg@10 : 0.4676
Sat 04 Jun 2022 02:55:47 INFO  Saving current: ../model_saved/MultiVAE-Jun-04-2022_02-44-57.pth
Sat 04 Jun 2022 02:55:49 INFO  epoch 10 training [time: 1.94s, train loss: 23743.5323]
Sat 04 Jun 2022 02:56:53 INFO  epoch 10 evaluating [time: 63.60s, valid_score: 0.465300]
Sat 04 Jun 2022 02:56:53 INFO  valid result: 
recall@5 : 0.4392    recall@10 : 0.5142    ndcg@5 : 0.4527    ndcg@10 : 0.4653
Sat 04 Jun 2022 02:56:55 INFO  epoch 11 training [time: 1.95s, train loss: 23713.3372]
Sat 04 Jun 2022 02:57:58 INFO  epoch 11 evaluating [time: 62.94s, valid_score: 0.470800]
Sat 04 Jun 2022 02:57:58 INFO  valid result: 
recall@5 : 0.4436    recall@10 : 0.5178    ndcg@5 : 0.4581    ndcg@10 : 0.4708
Sat 04 Jun 2022 02:57:58 INFO  Saving current: ../model_saved/MultiVAE-Jun-04-2022_02-44-57.pth
Sat 04 Jun 2022 02:58:00 INFO  epoch 12 training [time: 1.88s, train loss: 23681.6427]
Sat 04 Jun 2022 02:59:02 INFO  epoch 12 evaluating [time: 62.26s, valid_score: 0.470400]
Sat 04 Jun 2022 02:59:02 INFO  valid result: 
recall@5 : 0.4416    recall@10 : 0.518    ndcg@5 : 0.4568    ndcg@10 : 0.4704
Sat 04 Jun 2022 02:59:04 INFO  epoch 13 training [time: 1.85s, train loss: 23672.6858]
Sat 04 Jun 2022 03:00:06 INFO  epoch 13 evaluating [time: 62.35s, valid_score: 0.471500]
Sat 04 Jun 2022 03:00:06 INFO  valid result: 
recall@5 : 0.443    recall@10 : 0.5149    ndcg@5 : 0.4592    ndcg@10 : 0.4715
Sat 04 Jun 2022 03:00:06 INFO  Saving current: ../model_saved/MultiVAE-Jun-04-2022_02-44-57.pth
Sat 04 Jun 2022 03:00:08 INFO  epoch 14 training [time: 1.89s, train loss: 23633.0590]
Sat 04 Jun 2022 03:01:10 INFO  epoch 14 evaluating [time: 61.81s, valid_score: 0.466500]
Sat 04 Jun 2022 03:01:10 INFO  valid result: 
recall@5 : 0.4407    recall@10 : 0.5129    ndcg@5 : 0.4538    ndcg@10 : 0.4665
Sat 04 Jun 2022 03:01:12 INFO  epoch 15 training [time: 1.91s, train loss: 23601.4863]
Sat 04 Jun 2022 03:02:14 INFO  epoch 15 evaluating [time: 61.98s, valid_score: 0.471500]
Sat 04 Jun 2022 03:02:14 INFO  valid result: 
recall@5 : 0.444    recall@10 : 0.5169    ndcg@5 : 0.4588    ndcg@10 : 0.4715
Sat 04 Jun 2022 03:02:14 INFO  Saving current: ../model_saved/MultiVAE-Jun-04-2022_02-44-57.pth
Sat 04 Jun 2022 03:02:16 INFO  epoch 16 training [time: 1.93s, train loss: 23585.6536]
Sat 04 Jun 2022 03:03:18 INFO  epoch 16 evaluating [time: 62.23s, valid_score: 0.474600]
Sat 04 Jun 2022 03:03:18 INFO  valid result: 
recall@5 : 0.4466    recall@10 : 0.5185    ndcg@5 : 0.4629    ndcg@10 : 0.4746
Sat 04 Jun 2022 03:03:18 INFO  Saving current: ../model_saved/MultiVAE-Jun-04-2022_02-44-57.pth
Sat 04 Jun 2022 03:03:20 INFO  epoch 17 training [time: 1.86s, train loss: 23680.7602]
Sat 04 Jun 2022 03:04:23 INFO  epoch 17 evaluating [time: 63.03s, valid_score: 0.471800]
Sat 04 Jun 2022 03:04:23 INFO  valid result: 
recall@5 : 0.4437    recall@10 : 0.5186    ndcg@5 : 0.4592    ndcg@10 : 0.4718
Sat 04 Jun 2022 03:04:25 INFO  epoch 18 training [time: 1.86s, train loss: 23874.1428]
Sat 04 Jun 2022 03:05:28 INFO  epoch 18 evaluating [time: 62.69s, valid_score: 0.474900]
Sat 04 Jun 2022 03:05:28 INFO  valid result: 
recall@5 : 0.4479    recall@10 : 0.5184    ndcg@5 : 0.463    ndcg@10 : 0.4749
Sat 04 Jun 2022 03:05:28 INFO  Saving current: ../model_saved/MultiVAE-Jun-04-2022_02-44-57.pth
Sat 04 Jun 2022 03:05:30 INFO  epoch 19 training [time: 1.91s, train loss: 23653.2050]
Sat 04 Jun 2022 03:06:32 INFO  epoch 19 evaluating [time: 61.83s, valid_score: 0.472000]
Sat 04 Jun 2022 03:06:32 INFO  valid result: 
recall@5 : 0.4453    recall@10 : 0.5185    ndcg@5 : 0.4596    ndcg@10 : 0.472
Sat 04 Jun 2022 03:06:33 INFO  epoch 20 training [time: 1.86s, train loss: 23527.3089]
Sat 04 Jun 2022 03:07:35 INFO  epoch 20 evaluating [time: 61.88s, valid_score: 0.477300]
Sat 04 Jun 2022 03:07:35 INFO  valid result: 
recall@5 : 0.4465    recall@10 : 0.5187    ndcg@5 : 0.4653    ndcg@10 : 0.4773
Sat 04 Jun 2022 03:07:35 INFO  Saving current: ../model_saved/MultiVAE-Jun-04-2022_02-44-57.pth
Sat 04 Jun 2022 03:07:37 INFO  epoch 21 training [time: 1.89s, train loss: 23504.3830]
Sat 04 Jun 2022 03:08:39 INFO  epoch 21 evaluating [time: 61.80s, valid_score: 0.480500]
Sat 04 Jun 2022 03:08:39 INFO  valid result: 
recall@5 : 0.4512    recall@10 : 0.5215    ndcg@5 : 0.4692    ndcg@10 : 0.4805
Sat 04 Jun 2022 03:08:39 INFO  Saving current: ../model_saved/MultiVAE-Jun-04-2022_02-44-57.pth
Sat 04 Jun 2022 03:08:41 INFO  epoch 22 training [time: 1.92s, train loss: 23504.6432]
Sat 04 Jun 2022 03:09:44 INFO  epoch 22 evaluating [time: 62.71s, valid_score: 0.476400]
Sat 04 Jun 2022 03:09:44 INFO  valid result: 
recall@5 : 0.4477    recall@10 : 0.52    ndcg@5 : 0.4645    ndcg@10 : 0.4764
Sat 04 Jun 2022 03:09:46 INFO  epoch 23 training [time: 1.92s, train loss: 23493.4060]
Sat 04 Jun 2022 03:10:48 INFO  epoch 23 evaluating [time: 62.43s, valid_score: 0.478400]
Sat 04 Jun 2022 03:10:48 INFO  valid result: 
recall@5 : 0.4497    recall@10 : 0.5214    ndcg@5 : 0.4664    ndcg@10 : 0.4784
Sat 04 Jun 2022 03:10:50 INFO  epoch 24 training [time: 1.89s, train loss: 24044.7681]
Sat 04 Jun 2022 03:11:53 INFO  epoch 24 evaluating [time: 63.08s, valid_score: 0.476300]
Sat 04 Jun 2022 03:11:53 INFO  valid result: 
recall@5 : 0.4488    recall@10 : 0.5195    ndcg@5 : 0.4642    ndcg@10 : 0.4763
Sat 04 Jun 2022 03:11:55 INFO  epoch 25 training [time: 1.95s, train loss: 23523.3569]
Sat 04 Jun 2022 03:12:57 INFO  epoch 25 evaluating [time: 62.23s, valid_score: 0.475500]
Sat 04 Jun 2022 03:12:57 INFO  valid result: 
recall@5 : 0.4469    recall@10 : 0.5186    ndcg@5 : 0.4636    ndcg@10 : 0.4755
Sat 04 Jun 2022 03:12:59 INFO  epoch 26 training [time: 1.86s, train loss: 23542.1162]
Sat 04 Jun 2022 03:14:01 INFO  epoch 26 evaluating [time: 62.32s, valid_score: 0.475200]
Sat 04 Jun 2022 03:14:01 INFO  valid result: 
recall@5 : 0.4468    recall@10 : 0.52    ndcg@5 : 0.4622    ndcg@10 : 0.4752
Sat 04 Jun 2022 03:14:03 INFO  epoch 27 training [time: 1.89s, train loss: 23481.2816]
Sat 04 Jun 2022 03:15:05 INFO  epoch 27 evaluating [time: 61.90s, valid_score: 0.482100]
Sat 04 Jun 2022 03:15:05 INFO  valid result: 
recall@5 : 0.4518    recall@10 : 0.5244    ndcg@5 : 0.4697    ndcg@10 : 0.4821
Sat 04 Jun 2022 03:15:05 INFO  Saving current: ../model_saved/MultiVAE-Jun-04-2022_02-44-57.pth
Sat 04 Jun 2022 03:15:07 INFO  epoch 28 training [time: 1.88s, train loss: 23458.6724]
Sat 04 Jun 2022 03:16:10 INFO  epoch 28 evaluating [time: 62.42s, valid_score: 0.482000]
Sat 04 Jun 2022 03:16:10 INFO  valid result: 
recall@5 : 0.452    recall@10 : 0.5233    ndcg@5 : 0.47    ndcg@10 : 0.482
Sat 04 Jun 2022 03:16:12 INFO  epoch 29 training [time: 1.92s, train loss: 24593.8933]
Sat 04 Jun 2022 03:17:14 INFO  epoch 29 evaluating [time: 62.64s, valid_score: 0.480800]
Sat 04 Jun 2022 03:17:14 INFO  valid result: 
recall@5 : 0.452    recall@10 : 0.5231    ndcg@5 : 0.4686    ndcg@10 : 0.4808
Sat 04 Jun 2022 03:17:16 INFO  epoch 30 training [time: 1.88s, train loss: 23543.8589]
Sat 04 Jun 2022 03:18:18 INFO  epoch 30 evaluating [time: 61.68s, valid_score: 0.484300]
Sat 04 Jun 2022 03:18:18 INFO  valid result: 
recall@5 : 0.4541    recall@10 : 0.5245    ndcg@5 : 0.4737    ndcg@10 : 0.4843
Sat 04 Jun 2022 03:18:18 INFO  Saving current: ../model_saved/MultiVAE-Jun-04-2022_02-44-57.pth
Sat 04 Jun 2022 03:18:20 INFO  epoch 31 training [time: 1.94s, train loss: 23421.2513]
Sat 04 Jun 2022 03:19:22 INFO  epoch 31 evaluating [time: 62.09s, valid_score: 0.487500]
Sat 04 Jun 2022 03:19:22 INFO  valid result: 
recall@5 : 0.4554    recall@10 : 0.5257    ndcg@5 : 0.4764    ndcg@10 : 0.4875
Sat 04 Jun 2022 03:19:22 INFO  Saving current: ../model_saved/MultiVAE-Jun-04-2022_02-44-57.pth
Sat 04 Jun 2022 03:19:24 INFO  epoch 32 training [time: 1.86s, train loss: 23442.6919]
Sat 04 Jun 2022 03:20:26 INFO  epoch 32 evaluating [time: 62.09s, valid_score: 0.484500]
Sat 04 Jun 2022 03:20:26 INFO  valid result: 
recall@5 : 0.4555    recall@10 : 0.5244    ndcg@5 : 0.4743    ndcg@10 : 0.4845
Sat 04 Jun 2022 03:20:28 INFO  epoch 33 training [time: 1.92s, train loss: 23485.4679]
Sat 04 Jun 2022 03:21:30 INFO  epoch 33 evaluating [time: 61.72s, valid_score: 0.484500]
Sat 04 Jun 2022 03:21:30 INFO  valid result: 
recall@5 : 0.4527    recall@10 : 0.5253    ndcg@5 : 0.4726    ndcg@10 : 0.4845
Sat 04 Jun 2022 03:21:31 INFO  epoch 34 training [time: 1.86s, train loss: 23408.0821]
Sat 04 Jun 2022 03:22:34 INFO  epoch 34 evaluating [time: 62.31s, valid_score: 0.481500]
Sat 04 Jun 2022 03:22:34 INFO  valid result: 
recall@5 : 0.4524    recall@10 : 0.5231    ndcg@5 : 0.4703    ndcg@10 : 0.4815
Sat 04 Jun 2022 03:22:36 INFO  epoch 35 training [time: 1.91s, train loss: 23362.8840]
Sat 04 Jun 2022 03:23:37 INFO  epoch 35 evaluating [time: 61.02s, valid_score: 0.479400]
Sat 04 Jun 2022 03:23:37 INFO  valid result: 
recall@5 : 0.4511    recall@10 : 0.5212    ndcg@5 : 0.4682    ndcg@10 : 0.4794
Sat 04 Jun 2022 03:23:39 INFO  epoch 36 training [time: 1.90s, train loss: 23379.3394]
Sat 04 Jun 2022 03:24:40 INFO  epoch 36 evaluating [time: 61.91s, valid_score: 0.486900]
Sat 04 Jun 2022 03:24:40 INFO  valid result: 
recall@5 : 0.459    recall@10 : 0.5275    ndcg@5 : 0.4763    ndcg@10 : 0.4869
Sat 04 Jun 2022 03:24:42 INFO  epoch 37 training [time: 1.91s, train loss: 23360.9875]
Sat 04 Jun 2022 03:25:44 INFO  epoch 37 evaluating [time: 61.91s, valid_score: 0.480800]
Sat 04 Jun 2022 03:25:44 INFO  valid result: 
recall@5 : 0.4485    recall@10 : 0.5222    ndcg@5 : 0.4682    ndcg@10 : 0.4808
Sat 04 Jun 2022 03:25:46 INFO  epoch 38 training [time: 1.88s, train loss: 23407.2388]
Sat 04 Jun 2022 03:26:48 INFO  epoch 38 evaluating [time: 61.95s, valid_score: 0.480900]
Sat 04 Jun 2022 03:26:48 INFO  valid result: 
recall@5 : 0.4497    recall@10 : 0.5225    ndcg@5 : 0.4683    ndcg@10 : 0.4809
Sat 04 Jun 2022 03:26:50 INFO  epoch 39 training [time: 1.94s, train loss: 23353.9482]
Sat 04 Jun 2022 03:27:52 INFO  epoch 39 evaluating [time: 62.11s, valid_score: 0.484900]
Sat 04 Jun 2022 03:27:52 INFO  valid result: 
recall@5 : 0.4545    recall@10 : 0.5258    ndcg@5 : 0.4731    ndcg@10 : 0.4849
Sat 04 Jun 2022 03:27:54 INFO  epoch 40 training [time: 1.86s, train loss: 23390.1070]
Sat 04 Jun 2022 03:28:55 INFO  epoch 40 evaluating [time: 61.41s, valid_score: 0.477000]
Sat 04 Jun 2022 03:28:55 INFO  valid result: 
recall@5 : 0.4505    recall@10 : 0.5218    ndcg@5 : 0.4646    ndcg@10 : 0.477
Sat 04 Jun 2022 03:28:57 INFO  epoch 41 training [time: 1.80s, train loss: 23376.8223]
Sat 04 Jun 2022 03:29:59 INFO  epoch 41 evaluating [time: 61.87s, valid_score: 0.487200]
Sat 04 Jun 2022 03:29:59 INFO  valid result: 
recall@5 : 0.4569    recall@10 : 0.5263    ndcg@5 : 0.4762    ndcg@10 : 0.4872
Sat 04 Jun 2022 03:30:01 INFO  epoch 42 training [time: 1.85s, train loss: 23343.7367]
Sat 04 Jun 2022 03:31:03 INFO  epoch 42 evaluating [time: 62.48s, valid_score: 0.485500]
Sat 04 Jun 2022 03:31:03 INFO  valid result: 
recall@5 : 0.4561    recall@10 : 0.5252    ndcg@5 : 0.4746    ndcg@10 : 0.4855
Sat 04 Jun 2022 03:31:03 INFO  Finished training, best eval result in epoch 31
Sat 04 Jun 2022 03:31:03 INFO  Loading model structure and parameters from ../model_saved/MultiVAE-Jun-04-2022_02-44-57.pth
Sat 04 Jun 2022 03:32:12 INFO  best valid : OrderedDict([('recall@5', 0.4554), ('recall@10', 0.5257), ('ndcg@5', 0.4764), ('ndcg@10', 0.4875)])
Sat 04 Jun 2022 03:32:12 INFO  test result: OrderedDict([('recall@5', 0.4507), ('recall@10', 0.5208), ('ndcg@5', 0.4672), ('ndcg@10', 0.4782)])
