Mon 30 May 2022 04:41:57 INFO General Hyper Parameters: 
gpu_id=0
use_gpu=True
seed=2020
state=INFO
reproducibility=True
data_path=../dataset/whiskey_with_taste
show_progress=True

Training Hyper Parameters: 
checkpoint_dir=../model_saved
epochs=300
train_batch_size=64
learner=adam
learning_rate=0.001
training_neg_sample_num=0
training_neg_sample_distribution=uniform
eval_step=1
stopping_step=10

Evaluation Hyper Parameters: 
eval_setting=RO_RS
group_by_user=False
split_ratio=[0.8, 0.1, 0.1]
leave_one_num=2
real_time_process=False
metrics=['Recall', 'NDCG']
topk=[5, 10]
valid_metric=NDCG@10
eval_batch_size=256

Dataset Hyper Parameters: 
field_separator=	
seq_separator= 
USER_ID_FIELD=user
ITEM_ID_FIELD=whiskey
RATING_FIELD=rating
TIME_FIELD=None
seq_len=None
LABEL_FIELD=label
threshold=None
NEG_PREFIX=neg_
load_col={'inter': ['user', 'whiskey', 'rating']}
unload_col=None
unused_col=None
additional_feat_suffix=None
lowest_val=None
highest_val=None
equal_val=None
not_equal_val=None
max_user_inter_num=None
min_user_inter_num=0
max_item_inter_num=None
min_item_inter_num=0
fields_in_same_space=None
preload_weight=None
normalize_field=None
normalize_all=None
ITEM_LIST_LENGTH_FIELD=item_length
LIST_SUFFIX=_list
MAX_ITEM_LIST_LENGTH=50
POSITION_FIELD=position_id
HEAD_ENTITY_ID_FIELD=head_id
TAIL_ENTITY_ID_FIELD=tail_id
RELATION_ID_FIELD=relation_id
ENTITY_ID_FIELD=entity_id


