Thu 02 Jun 2022 04:18:36 INFO  
General Hyper Parameters:
gpu_id = 0
use_gpu = True
seed = 2020
state = INFO
reproducibility = True
data_path = /opt/ml/workspace/RecBole/dataset/whiskey_with_taste
checkpoint_dir = /opt/ml/workspace/RecBole/model_saved
show_progress = True
save_dataset = False
dataset_save_path = None
save_dataloaders = False
dataloaders_save_path = None
log_wandb = False

Training Hyper Parameters:
epochs = 300
train_batch_size = 64
learner = adam
learning_rate = 0.001
neg_sampling = {'popularity': 10}
eval_step = 1
stopping_step = 10
clip_grad_norm = None
weight_decay = 0.0
loss_decimal_place = 4

Evaluation Hyper Parameters:
eval_args = {'split': {'RS': [0.8, 0.1, 0.1]}, 'group_by': 'user', 'order': 'RO', 'mode': 'full'}
repeatable = False
metrics = ['Recall', 'NDCG']
topk = [5, 10]
valid_metric = NDCG@10
valid_metric_bigger = True
eval_batch_size = 256
metric_decimal_place = 4

Dataset Hyper Parameters:
field_separator = 	
seq_separator =  
USER_ID_FIELD = user
ITEM_ID_FIELD = whiskey
RATING_FIELD = rating
TIME_FIELD = None
seq_len = None
LABEL_FIELD = label
threshold = None
NEG_PREFIX = neg_
load_col = {'inter': ['user', 'whiskey', 'rating']}
unload_col = None
unused_col = None
additional_feat_suffix = None
rm_dup_inter = None
val_interval = {'rating': '[0,100]'}
filter_inter_by_user_or_item = True
user_inter_num_interval = [0,inf)
item_inter_num_interval = [0,inf)
alias_of_user_id = None
alias_of_item_id = None
alias_of_entity_id = None
alias_of_relation_id = None
preload_weight = None
normalize_field = None
normalize_all = None
ITEM_LIST_LENGTH_FIELD = item_length
LIST_SUFFIX = _list
MAX_ITEM_LIST_LENGTH = 50
POSITION_FIELD = position_id
HEAD_ENTITY_ID_FIELD = head_id
TAIL_ENTITY_ID_FIELD = tail_id
RELATION_ID_FIELD = relation_id
ENTITY_ID_FIELD = entity_id
benchmark_filename = None

Other Hyper Parameters: 
wandb_project = recbole_whiskey
require_pow = False
hidden_dimension = 600
latent_dimension = 200
dropout_prob = 0.5
beta = 0.2
mixture_weights = [0.15, 0.75, 0.1]
gamma = 0.005
n_enc_epochs = 3
n_dec_epochs = 1
MODEL_TYPE = ModelType.GENERAL
MODEL_INPUT_TYPE = InputType.PAIRWISE
eval_type = EvaluatorType.RANKING
device = cuda
train_neg_sample_args = {'strategy': 'by', 'by': 10, 'distribution': 'popularity', 'dynamic': 'none'}
eval_neg_sample_args = {'strategy': 'full', 'distribution': 'uniform'}


Thu 02 Jun 2022 04:18:43 INFO  whiskey_with_taste
The number of users: 17665
Average actions of users: 30.80366847826087
The number of items: 1126
Average actions of items: 483.65866666666665
The number of inters: 544116
The sparsity of the dataset: 97.26448270782609%
Remain Fields: ['user', 'whiskey', 'rating']
Thu 02 Jun 2022 04:18:46 INFO  [Training]: train_batch_size = [64] negative sampling: [{'popularity': 10}]
Thu 02 Jun 2022 04:18:46 INFO  [Evaluation]: eval_batch_size = [256] eval_args: [{'split': {'RS': [0.8, 0.1, 0.1]}, 'group_by': 'user', 'order': 'RO', 'mode': 'full'}]
Thu 02 Jun 2022 04:18:46 WARNING  Max value of user's history interaction records has reached 72.64653641207815% of the total.
Thu 02 Jun 2022 04:18:51 INFO  RecVAE(
  (encoder): Encoder(
    (fc1): Linear(in_features=1126, out_features=600, bias=True)
    (ln1): LayerNorm((600,), eps=0.1, elementwise_affine=True)
    (fc2): Linear(in_features=600, out_features=600, bias=True)
    (ln2): LayerNorm((600,), eps=0.1, elementwise_affine=True)
    (fc3): Linear(in_features=600, out_features=600, bias=True)
    (ln3): LayerNorm((600,), eps=0.1, elementwise_affine=True)
    (fc4): Linear(in_features=600, out_features=600, bias=True)
    (ln4): LayerNorm((600,), eps=0.1, elementwise_affine=True)
    (fc5): Linear(in_features=600, out_features=600, bias=True)
    (ln5): LayerNorm((600,), eps=0.1, elementwise_affine=True)
    (fc_mu): Linear(in_features=600, out_features=200, bias=True)
    (fc_logvar): Linear(in_features=600, out_features=200, bias=True)
  )
  (prior): CompositePrior(
    (encoder_old): Encoder(
      (fc1): Linear(in_features=1126, out_features=600, bias=True)
      (ln1): LayerNorm((600,), eps=0.1, elementwise_affine=True)
      (fc2): Linear(in_features=600, out_features=600, bias=True)
      (ln2): LayerNorm((600,), eps=0.1, elementwise_affine=True)
      (fc3): Linear(in_features=600, out_features=600, bias=True)
      (ln3): LayerNorm((600,), eps=0.1, elementwise_affine=True)
      (fc4): Linear(in_features=600, out_features=600, bias=True)
      (ln4): LayerNorm((600,), eps=0.1, elementwise_affine=True)
      (fc5): Linear(in_features=600, out_features=600, bias=True)
      (ln5): LayerNorm((600,), eps=0.1, elementwise_affine=True)
      (fc_mu): Linear(in_features=600, out_features=200, bias=True)
      (fc_logvar): Linear(in_features=600, out_features=200, bias=True)
    )
  )
  (decoder): Linear(in_features=200, out_features=1126, bias=True)
)
Trainable parameters: 2591326
Thu 02 Jun 2022 04:19:05 INFO  epoch 0 training [time: 14.60s, train loss: 16670.4083]
Thu 02 Jun 2022 04:20:38 INFO  epoch 0 evaluating [time: 92.98s, valid_score: 0.435900]
Thu 02 Jun 2022 04:20:38 INFO  valid result: 
recall@5 : 0.4104    recall@10 : 0.47    ndcg@5 : 0.4251    ndcg@10 : 0.4359
Thu 02 Jun 2022 04:20:39 INFO  Saving current: /opt/ml/workspace/RecBole/model_saved/RecVAE-Jun-02-2022_04-18-51.pth
Thu 02 Jun 2022 04:20:53 INFO  epoch 1 training [time: 14.29s, train loss: 15294.9182]
Thu 02 Jun 2022 04:22:26 INFO  epoch 1 evaluating [time: 92.84s, valid_score: 0.488600]
Thu 02 Jun 2022 04:22:26 INFO  valid result: 
recall@5 : 0.4543    recall@10 : 0.5223    ndcg@5 : 0.4774    ndcg@10 : 0.4886
Thu 02 Jun 2022 04:22:26 INFO  Saving current: /opt/ml/workspace/RecBole/model_saved/RecVAE-Jun-02-2022_04-18-51.pth
Thu 02 Jun 2022 04:22:40 INFO  epoch 2 training [time: 14.41s, train loss: 14841.2734]
Thu 02 Jun 2022 04:23:58 INFO  epoch 2 evaluating [time: 78.18s, valid_score: 0.509500]
Thu 02 Jun 2022 04:23:58 INFO  valid result: 
recall@5 : 0.4708    recall@10 : 0.5369    ndcg@5 : 0.5001    ndcg@10 : 0.5095
Thu 02 Jun 2022 04:23:58 INFO  Saving current: /opt/ml/workspace/RecBole/model_saved/RecVAE-Jun-02-2022_04-18-51.pth
Thu 02 Jun 2022 04:24:13 INFO  epoch 3 training [time: 14.68s, train loss: 14578.1785]
Thu 02 Jun 2022 04:25:36 INFO  epoch 3 evaluating [time: 83.33s, valid_score: 0.519300]
Thu 02 Jun 2022 04:25:36 INFO  valid result: 
recall@5 : 0.4797    recall@10 : 0.5459    ndcg@5 : 0.5101    ndcg@10 : 0.5193
Thu 02 Jun 2022 04:25:37 INFO  Saving current: /opt/ml/workspace/RecBole/model_saved/RecVAE-Jun-02-2022_04-18-51.pth
Thu 02 Jun 2022 04:25:51 INFO  epoch 4 training [time: 14.32s, train loss: 14558.1312]
Thu 02 Jun 2022 04:27:16 INFO  epoch 4 evaluating [time: 85.44s, valid_score: 0.525800]
Thu 02 Jun 2022 04:27:16 INFO  valid result: 
recall@5 : 0.4856    recall@10 : 0.551    ndcg@5 : 0.5178    ndcg@10 : 0.5258
Thu 02 Jun 2022 04:27:16 INFO  Saving current: /opt/ml/workspace/RecBole/model_saved/RecVAE-Jun-02-2022_04-18-51.pth
Thu 02 Jun 2022 04:27:31 INFO  epoch 5 training [time: 14.64s, train loss: 14383.2754]
Thu 02 Jun 2022 04:29:01 INFO  epoch 5 evaluating [time: 89.73s, valid_score: 0.530800]
Thu 02 Jun 2022 04:29:01 INFO  valid result: 
recall@5 : 0.4905    recall@10 : 0.5567    ndcg@5 : 0.5226    ndcg@10 : 0.5308
Thu 02 Jun 2022 04:29:01 INFO  Saving current: /opt/ml/workspace/RecBole/model_saved/RecVAE-Jun-02-2022_04-18-51.pth
Thu 02 Jun 2022 04:29:15 INFO  epoch 6 training [time: 14.47s, train loss: 14314.1085]
Thu 02 Jun 2022 04:30:44 INFO  epoch 6 evaluating [time: 88.78s, valid_score: 0.536200]
Thu 02 Jun 2022 04:30:44 INFO  valid result: 
recall@5 : 0.4948    recall@10 : 0.5592    ndcg@5 : 0.5292    ndcg@10 : 0.5362
Thu 02 Jun 2022 04:30:44 INFO  Saving current: /opt/ml/workspace/RecBole/model_saved/RecVAE-Jun-02-2022_04-18-51.pth
Thu 02 Jun 2022 04:30:59 INFO  epoch 7 training [time: 14.49s, train loss: 14243.7529]
Thu 02 Jun 2022 04:32:26 INFO  epoch 7 evaluating [time: 86.84s, valid_score: 0.541200]
Thu 02 Jun 2022 04:32:26 INFO  valid result: 
recall@5 : 0.4963    recall@10 : 0.562    ndcg@5 : 0.5344    ndcg@10 : 0.5412
Thu 02 Jun 2022 04:32:26 INFO  Saving current: /opt/ml/workspace/RecBole/model_saved/RecVAE-Jun-02-2022_04-18-51.pth
Thu 02 Jun 2022 04:32:40 INFO  epoch 8 training [time: 14.56s, train loss: 14294.6966]
Thu 02 Jun 2022 04:34:05 INFO  epoch 8 evaluating [time: 85.18s, valid_score: 0.541600]
Thu 02 Jun 2022 04:34:05 INFO  valid result: 
recall@5 : 0.4967    recall@10 : 0.5647    ndcg@5 : 0.5346    ndcg@10 : 0.5416
Thu 02 Jun 2022 04:34:06 INFO  Saving current: /opt/ml/workspace/RecBole/model_saved/RecVAE-Jun-02-2022_04-18-51.pth
Thu 02 Jun 2022 04:34:20 INFO  epoch 9 training [time: 14.54s, train loss: 14057.3472]
Thu 02 Jun 2022 04:35:41 INFO  epoch 9 evaluating [time: 80.54s, valid_score: 0.549300]
Thu 02 Jun 2022 04:35:41 INFO  valid result: 
recall@5 : 0.5031    recall@10 : 0.5677    ndcg@5 : 0.543    ndcg@10 : 0.5493
Thu 02 Jun 2022 04:35:41 INFO  Saving current: /opt/ml/workspace/RecBole/model_saved/RecVAE-Jun-02-2022_04-18-51.pth
Thu 02 Jun 2022 04:35:55 INFO  epoch 10 training [time: 14.34s, train loss: 14129.4337]
Thu 02 Jun 2022 04:37:20 INFO  epoch 10 evaluating [time: 84.64s, valid_score: 0.544200]
Thu 02 Jun 2022 04:37:20 INFO  valid result: 
recall@5 : 0.5009    recall@10 : 0.5685    ndcg@5 : 0.5373    ndcg@10 : 0.5442
Thu 02 Jun 2022 04:37:34 INFO  epoch 11 training [time: 14.50s, train loss: 13983.4589]
Thu 02 Jun 2022 04:39:04 INFO  epoch 11 evaluating [time: 89.63s, valid_score: 0.554800]
Thu 02 Jun 2022 04:39:04 INFO  valid result: 
recall@5 : 0.5067    recall@10 : 0.5716    ndcg@5 : 0.5497    ndcg@10 : 0.5548
Thu 02 Jun 2022 04:39:04 INFO  Saving current: /opt/ml/workspace/RecBole/model_saved/RecVAE-Jun-02-2022_04-18-51.pth
Thu 02 Jun 2022 04:39:18 INFO  epoch 12 training [time: 14.49s, train loss: 13956.8392]
Thu 02 Jun 2022 04:40:35 INFO  epoch 12 evaluating [time: 76.46s, valid_score: 0.559700]
Thu 02 Jun 2022 04:40:35 INFO  valid result: 
recall@5 : 0.5107    recall@10 : 0.5745    ndcg@5 : 0.5555    ndcg@10 : 0.5597
Thu 02 Jun 2022 04:40:35 INFO  Saving current: /opt/ml/workspace/RecBole/model_saved/RecVAE-Jun-02-2022_04-18-51.pth
Thu 02 Jun 2022 04:40:49 INFO  epoch 13 training [time: 14.26s, train loss: 14061.1208]
Thu 02 Jun 2022 04:42:14 INFO  epoch 13 evaluating [time: 85.02s, valid_score: 0.562800]
Thu 02 Jun 2022 04:42:14 INFO  valid result: 
recall@5 : 0.5145    recall@10 : 0.5785    ndcg@5 : 0.5593    ndcg@10 : 0.5628
Thu 02 Jun 2022 04:42:14 INFO  Saving current: /opt/ml/workspace/RecBole/model_saved/RecVAE-Jun-02-2022_04-18-51.pth
Thu 02 Jun 2022 04:42:29 INFO  epoch 14 training [time: 14.54s, train loss: 13973.7729]
Thu 02 Jun 2022 04:43:52 INFO  epoch 14 evaluating [time: 82.75s, valid_score: 0.565900]
Thu 02 Jun 2022 04:43:52 INFO  valid result: 
recall@5 : 0.5152    recall@10 : 0.5785    ndcg@5 : 0.5624    ndcg@10 : 0.5659
Thu 02 Jun 2022 04:43:52 INFO  Saving current: /opt/ml/workspace/RecBole/model_saved/RecVAE-Jun-02-2022_04-18-51.pth
Thu 02 Jun 2022 04:44:06 INFO  epoch 15 training [time: 14.21s, train loss: 13955.4790]
Thu 02 Jun 2022 04:45:28 INFO  epoch 15 evaluating [time: 82.18s, valid_score: 0.567900]
Thu 02 Jun 2022 04:45:28 INFO  valid result: 
recall@5 : 0.5176    recall@10 : 0.5807    ndcg@5 : 0.5647    ndcg@10 : 0.5679
Thu 02 Jun 2022 04:45:28 INFO  Saving current: /opt/ml/workspace/RecBole/model_saved/RecVAE-Jun-02-2022_04-18-51.pth
Thu 02 Jun 2022 04:45:42 INFO  epoch 16 training [time: 13.98s, train loss: 14366.7841]
Thu 02 Jun 2022 04:47:07 INFO  epoch 16 evaluating [time: 84.62s, valid_score: 0.568200]
Thu 02 Jun 2022 04:47:07 INFO  valid result: 
recall@5 : 0.517    recall@10 : 0.5841    ndcg@5 : 0.5635    ndcg@10 : 0.5682
Thu 02 Jun 2022 04:47:07 INFO  Saving current: /opt/ml/workspace/RecBole/model_saved/RecVAE-Jun-02-2022_04-18-51.pth
Thu 02 Jun 2022 04:47:22 INFO  epoch 17 training [time: 14.71s, train loss: 13948.7681]
Thu 02 Jun 2022 04:48:45 INFO  epoch 17 evaluating [time: 83.36s, valid_score: 0.569900]
Thu 02 Jun 2022 04:48:45 INFO  valid result: 
recall@5 : 0.5174    recall@10 : 0.5814    ndcg@5 : 0.5661    ndcg@10 : 0.5699
Thu 02 Jun 2022 04:48:45 INFO  Saving current: /opt/ml/workspace/RecBole/model_saved/RecVAE-Jun-02-2022_04-18-51.pth
Thu 02 Jun 2022 04:48:59 INFO  epoch 18 training [time: 14.21s, train loss: 13911.5410]
Thu 02 Jun 2022 04:50:25 INFO  epoch 18 evaluating [time: 85.98s, valid_score: 0.570400]
Thu 02 Jun 2022 04:50:25 INFO  valid result: 
recall@5 : 0.5191    recall@10 : 0.5825    ndcg@5 : 0.5668    ndcg@10 : 0.5704
Thu 02 Jun 2022 04:50:25 INFO  Saving current: /opt/ml/workspace/RecBole/model_saved/RecVAE-Jun-02-2022_04-18-51.pth
Thu 02 Jun 2022 04:50:39 INFO  epoch 19 training [time: 14.02s, train loss: 14128.1879]
Thu 02 Jun 2022 04:51:57 INFO  epoch 19 evaluating [time: 77.61s, valid_score: 0.574600]
Thu 02 Jun 2022 04:51:57 INFO  valid result: 
recall@5 : 0.5212    recall@10 : 0.5848    ndcg@5 : 0.572    ndcg@10 : 0.5746
Thu 02 Jun 2022 04:51:57 INFO  Saving current: /opt/ml/workspace/RecBole/model_saved/RecVAE-Jun-02-2022_04-18-51.pth
Thu 02 Jun 2022 04:52:11 INFO  epoch 20 training [time: 14.24s, train loss: 13926.7643]
Thu 02 Jun 2022 04:53:35 INFO  epoch 20 evaluating [time: 83.26s, valid_score: 0.574100]
Thu 02 Jun 2022 04:53:35 INFO  valid result: 
recall@5 : 0.5194    recall@10 : 0.5849    ndcg@5 : 0.5699    ndcg@10 : 0.5741
Thu 02 Jun 2022 04:53:49 INFO  epoch 21 training [time: 14.15s, train loss: 13884.3619]
Thu 02 Jun 2022 04:55:02 INFO  epoch 21 evaluating [time: 73.68s, valid_score: 0.573500]
Thu 02 Jun 2022 04:55:02 INFO  valid result: 
recall@5 : 0.5223    recall@10 : 0.5841    ndcg@5 : 0.5715    ndcg@10 : 0.5735
Thu 02 Jun 2022 04:55:16 INFO  epoch 22 training [time: 13.22s, train loss: 13926.3307]
Thu 02 Jun 2022 04:56:41 INFO  epoch 22 evaluating [time: 85.27s, valid_score: 0.575400]
Thu 02 Jun 2022 04:56:41 INFO  valid result: 
recall@5 : 0.5227    recall@10 : 0.5846    ndcg@5 : 0.5731    ndcg@10 : 0.5754
Thu 02 Jun 2022 04:56:41 INFO  Saving current: /opt/ml/workspace/RecBole/model_saved/RecVAE-Jun-02-2022_04-18-51.pth
Thu 02 Jun 2022 04:56:56 INFO  epoch 23 training [time: 14.66s, train loss: 14588.4392]
Thu 02 Jun 2022 04:58:19 INFO  epoch 23 evaluating [time: 82.80s, valid_score: 0.576900]
Thu 02 Jun 2022 04:58:19 INFO  valid result: 
recall@5 : 0.5243    recall@10 : 0.5855    ndcg@5 : 0.5749    ndcg@10 : 0.5769
Thu 02 Jun 2022 04:58:19 INFO  Saving current: /opt/ml/workspace/RecBole/model_saved/RecVAE-Jun-02-2022_04-18-51.pth
Thu 02 Jun 2022 04:58:33 INFO  epoch 24 training [time: 14.64s, train loss: 13954.2438]
Thu 02 Jun 2022 05:00:01 INFO  epoch 24 evaluating [time: 87.78s, valid_score: 0.571800]
Thu 02 Jun 2022 05:00:01 INFO  valid result: 
recall@5 : 0.5228    recall@10 : 0.5852    ndcg@5 : 0.5689    ndcg@10 : 0.5718
Thu 02 Jun 2022 05:00:16 INFO  epoch 25 training [time: 14.78s, train loss: 13906.6721]
Thu 02 Jun 2022 05:01:33 INFO  epoch 25 evaluating [time: 77.67s, valid_score: 0.572500]
Thu 02 Jun 2022 05:01:33 INFO  valid result: 
recall@5 : 0.5215    recall@10 : 0.5849    ndcg@5 : 0.5693    ndcg@10 : 0.5725
Thu 02 Jun 2022 05:01:48 INFO  epoch 26 training [time: 14.57s, train loss: 13871.9041]
Thu 02 Jun 2022 05:03:10 INFO  epoch 26 evaluating [time: 81.83s, valid_score: 0.576400]
Thu 02 Jun 2022 05:03:10 INFO  valid result: 
recall@5 : 0.5234    recall@10 : 0.5861    ndcg@5 : 0.5738    ndcg@10 : 0.5764
Thu 02 Jun 2022 05:03:25 INFO  epoch 27 training [time: 14.72s, train loss: 14156.8022]
Thu 02 Jun 2022 05:04:42 INFO  epoch 27 evaluating [time: 77.00s, valid_score: 0.581000]
Thu 02 Jun 2022 05:04:42 INFO  valid result: 
recall@5 : 0.5262    recall@10 : 0.5867    ndcg@5 : 0.5794    ndcg@10 : 0.581
Thu 02 Jun 2022 05:04:42 INFO  Saving current: /opt/ml/workspace/RecBole/model_saved/RecVAE-Jun-02-2022_04-18-51.pth
Thu 02 Jun 2022 05:04:56 INFO  epoch 28 training [time: 14.39s, train loss: 14592.7726]
Thu 02 Jun 2022 05:06:13 INFO  epoch 28 evaluating [time: 76.42s, valid_score: 0.575500]
Thu 02 Jun 2022 05:06:13 INFO  valid result: 
recall@5 : 0.5234    recall@10 : 0.5869    ndcg@5 : 0.5727    ndcg@10 : 0.5755
Thu 02 Jun 2022 05:06:27 INFO  epoch 29 training [time: 14.27s, train loss: 13972.2979]
Thu 02 Jun 2022 05:07:48 INFO  epoch 29 evaluating [time: 81.67s, valid_score: 0.580100]
Thu 02 Jun 2022 05:07:48 INFO  valid result: 
recall@5 : 0.5264    recall@10 : 0.5876    ndcg@5 : 0.5786    ndcg@10 : 0.5801
Thu 02 Jun 2022 05:08:03 INFO  epoch 30 training [time: 14.36s, train loss: 13919.3295]
Thu 02 Jun 2022 05:09:27 INFO  epoch 30 evaluating [time: 84.41s, valid_score: 0.577400]
Thu 02 Jun 2022 05:09:27 INFO  valid result: 
recall@5 : 0.5241    recall@10 : 0.5894    ndcg@5 : 0.5737    ndcg@10 : 0.5774
Thu 02 Jun 2022 05:09:41 INFO  epoch 31 training [time: 14.11s, train loss: 13853.8151]
Thu 02 Jun 2022 05:11:10 INFO  epoch 31 evaluating [time: 88.28s, valid_score: 0.583000]
Thu 02 Jun 2022 05:11:10 INFO  valid result: 
recall@5 : 0.5271    recall@10 : 0.5896    ndcg@5 : 0.5807    ndcg@10 : 0.583
Thu 02 Jun 2022 05:11:10 INFO  Saving current: /opt/ml/workspace/RecBole/model_saved/RecVAE-Jun-02-2022_04-18-51.pth
Thu 02 Jun 2022 05:11:24 INFO  epoch 32 training [time: 14.02s, train loss: 13889.3610]
Thu 02 Jun 2022 05:12:50 INFO  epoch 32 evaluating [time: 86.51s, valid_score: 0.579900]
Thu 02 Jun 2022 05:12:50 INFO  valid result: 
recall@5 : 0.5267    recall@10 : 0.5885    ndcg@5 : 0.5783    ndcg@10 : 0.5799
Thu 02 Jun 2022 05:13:05 INFO  epoch 33 training [time: 14.27s, train loss: 13844.4069]
Thu 02 Jun 2022 05:14:23 INFO  epoch 33 evaluating [time: 78.82s, valid_score: 0.580400]
Thu 02 Jun 2022 05:14:23 INFO  valid result: 
recall@5 : 0.5269    recall@10 : 0.5881    ndcg@5 : 0.5785    ndcg@10 : 0.5804
Thu 02 Jun 2022 05:14:37 INFO  epoch 34 training [time: 13.92s, train loss: 14026.2228]
Thu 02 Jun 2022 05:15:54 INFO  epoch 34 evaluating [time: 76.45s, valid_score: 0.578600]
Thu 02 Jun 2022 05:15:54 INFO  valid result: 
recall@5 : 0.526    recall@10 : 0.5871    ndcg@5 : 0.5773    ndcg@10 : 0.5786
Thu 02 Jun 2022 05:16:08 INFO  epoch 35 training [time: 14.43s, train loss: 13848.0673]
Thu 02 Jun 2022 05:17:26 INFO  epoch 35 evaluating [time: 78.29s, valid_score: 0.585100]
Thu 02 Jun 2022 05:17:26 INFO  valid result: 
recall@5 : 0.5297    recall@10 : 0.5912    ndcg@5 : 0.5838    ndcg@10 : 0.5851
Thu 02 Jun 2022 05:17:27 INFO  Saving current: /opt/ml/workspace/RecBole/model_saved/RecVAE-Jun-02-2022_04-18-51.pth
Thu 02 Jun 2022 05:17:41 INFO  epoch 36 training [time: 14.29s, train loss: 13806.1264]
Thu 02 Jun 2022 05:19:06 INFO  epoch 36 evaluating [time: 85.44s, valid_score: 0.584600]
Thu 02 Jun 2022 05:19:06 INFO  valid result: 
recall@5 : 0.5288    recall@10 : 0.5903    ndcg@5 : 0.5834    ndcg@10 : 0.5846
Thu 02 Jun 2022 05:19:21 INFO  epoch 37 training [time: 14.21s, train loss: 13857.1167]
Thu 02 Jun 2022 05:20:40 INFO  epoch 37 evaluating [time: 79.85s, valid_score: 0.580500]
Thu 02 Jun 2022 05:20:40 INFO  valid result: 
recall@5 : 0.5279    recall@10 : 0.5879    ndcg@5 : 0.5798    ndcg@10 : 0.5805
Thu 02 Jun 2022 05:20:55 INFO  epoch 38 training [time: 14.19s, train loss: 13798.6025]
Thu 02 Jun 2022 05:22:14 INFO  epoch 38 evaluating [time: 79.45s, valid_score: 0.584300]
Thu 02 Jun 2022 05:22:14 INFO  valid result: 
recall@5 : 0.5292    recall@10 : 0.5892    ndcg@5 : 0.5843    ndcg@10 : 0.5843
Thu 02 Jun 2022 05:22:29 INFO  epoch 39 training [time: 14.52s, train loss: 13781.3493]
Thu 02 Jun 2022 05:23:48 INFO  epoch 39 evaluating [time: 79.73s, valid_score: 0.586200]
Thu 02 Jun 2022 05:23:48 INFO  valid result: 
recall@5 : 0.5319    recall@10 : 0.589    ndcg@5 : 0.5874    ndcg@10 : 0.5862
Thu 02 Jun 2022 05:23:48 INFO  Saving current: /opt/ml/workspace/RecBole/model_saved/RecVAE-Jun-02-2022_04-18-51.pth
Thu 02 Jun 2022 05:24:03 INFO  epoch 40 training [time: 14.25s, train loss: 13786.8781]
Thu 02 Jun 2022 05:25:19 INFO  epoch 40 evaluating [time: 76.59s, valid_score: 0.583800]
Thu 02 Jun 2022 05:25:19 INFO  valid result: 
recall@5 : 0.529    recall@10 : 0.5909    ndcg@5 : 0.5823    ndcg@10 : 0.5838
Thu 02 Jun 2022 05:25:33 INFO  epoch 41 training [time: 14.24s, train loss: 13758.9215]
Thu 02 Jun 2022 05:27:03 INFO  epoch 41 evaluating [time: 89.67s, valid_score: 0.587900]
Thu 02 Jun 2022 05:27:03 INFO  valid result: 
recall@5 : 0.5311    recall@10 : 0.5908    ndcg@5 : 0.588    ndcg@10 : 0.5879
Thu 02 Jun 2022 05:27:03 INFO  Saving current: /opt/ml/workspace/RecBole/model_saved/RecVAE-Jun-02-2022_04-18-51.pth
Thu 02 Jun 2022 05:27:18 INFO  epoch 42 training [time: 14.37s, train loss: 13797.0588]
Thu 02 Jun 2022 05:28:42 INFO  epoch 42 evaluating [time: 84.23s, valid_score: 0.585600]
Thu 02 Jun 2022 05:28:42 INFO  valid result: 
recall@5 : 0.5308    recall@10 : 0.5909    ndcg@5 : 0.5858    ndcg@10 : 0.5856
Thu 02 Jun 2022 05:28:56 INFO  epoch 43 training [time: 14.45s, train loss: 13758.6852]
Thu 02 Jun 2022 05:30:15 INFO  epoch 43 evaluating [time: 79.10s, valid_score: 0.584700]
Thu 02 Jun 2022 05:30:15 INFO  valid result: 
recall@5 : 0.5287    recall@10 : 0.5889    ndcg@5 : 0.5846    ndcg@10 : 0.5847
Thu 02 Jun 2022 05:30:30 INFO  epoch 44 training [time: 14.31s, train loss: 13765.8462]
Thu 02 Jun 2022 05:31:56 INFO  epoch 44 evaluating [time: 86.41s, valid_score: 0.589000]
Thu 02 Jun 2022 05:31:56 INFO  valid result: 
recall@5 : 0.5316    recall@10 : 0.5927    ndcg@5 : 0.5889    ndcg@10 : 0.589
Thu 02 Jun 2022 05:31:56 INFO  Saving current: /opt/ml/workspace/RecBole/model_saved/RecVAE-Jun-02-2022_04-18-51.pth
Thu 02 Jun 2022 05:32:10 INFO  epoch 45 training [time: 14.15s, train loss: 13736.9774]
Thu 02 Jun 2022 05:33:30 INFO  epoch 45 evaluating [time: 79.74s, valid_score: 0.587800]
Thu 02 Jun 2022 05:33:30 INFO  valid result: 
recall@5 : 0.5329    recall@10 : 0.5925    ndcg@5 : 0.5881    ndcg@10 : 0.5878
Thu 02 Jun 2022 05:33:43 INFO  epoch 46 training [time: 12.62s, train loss: 13742.2420]
Thu 02 Jun 2022 05:34:54 INFO  epoch 46 evaluating [time: 71.59s, valid_score: 0.584400]
Thu 02 Jun 2022 05:34:54 INFO  valid result: 
recall@5 : 0.5309    recall@10 : 0.5903    ndcg@5 : 0.5838    ndcg@10 : 0.5844
Thu 02 Jun 2022 05:35:07 INFO  epoch 47 training [time: 12.92s, train loss: 13705.2106]
Thu 02 Jun 2022 05:36:18 INFO  epoch 47 evaluating [time: 71.01s, valid_score: 0.588500]
Thu 02 Jun 2022 05:36:18 INFO  valid result: 
recall@5 : 0.5323    recall@10 : 0.5934    ndcg@5 : 0.5883    ndcg@10 : 0.5885
Thu 02 Jun 2022 05:36:32 INFO  epoch 48 training [time: 13.42s, train loss: 13919.3191]
Thu 02 Jun 2022 05:37:47 INFO  epoch 48 evaluating [time: 75.81s, valid_score: 0.587600]
Thu 02 Jun 2022 05:37:47 INFO  valid result: 
recall@5 : 0.5315    recall@10 : 0.5923    ndcg@5 : 0.5873    ndcg@10 : 0.5876
Thu 02 Jun 2022 05:38:02 INFO  epoch 49 training [time: 14.19s, train loss: 13731.2291]
Thu 02 Jun 2022 05:39:21 INFO  epoch 49 evaluating [time: 79.79s, valid_score: 0.589100]
Thu 02 Jun 2022 05:39:21 INFO  valid result: 
recall@5 : 0.5344    recall@10 : 0.5928    ndcg@5 : 0.5896    ndcg@10 : 0.5891
Thu 02 Jun 2022 05:39:22 INFO  Saving current: /opt/ml/workspace/RecBole/model_saved/RecVAE-Jun-02-2022_04-18-51.pth
Thu 02 Jun 2022 05:39:35 INFO  epoch 50 training [time: 13.85s, train loss: 13687.2781]
Thu 02 Jun 2022 05:40:58 INFO  epoch 50 evaluating [time: 82.65s, valid_score: 0.589300]
Thu 02 Jun 2022 05:40:58 INFO  valid result: 
recall@5 : 0.5327    recall@10 : 0.5913    ndcg@5 : 0.5904    ndcg@10 : 0.5893
Thu 02 Jun 2022 05:40:58 INFO  Saving current: /opt/ml/workspace/RecBole/model_saved/RecVAE-Jun-02-2022_04-18-51.pth
Thu 02 Jun 2022 05:41:12 INFO  epoch 51 training [time: 14.14s, train loss: 13722.4239]
Thu 02 Jun 2022 05:42:34 INFO  epoch 51 evaluating [time: 82.20s, valid_score: 0.588800]
Thu 02 Jun 2022 05:42:34 INFO  valid result: 
recall@5 : 0.5342    recall@10 : 0.5927    ndcg@5 : 0.5896    ndcg@10 : 0.5888
Thu 02 Jun 2022 05:42:48 INFO  epoch 52 training [time: 13.91s, train loss: 13909.2439]
Thu 02 Jun 2022 05:44:04 INFO  epoch 52 evaluating [time: 75.15s, valid_score: 0.589300]
Thu 02 Jun 2022 05:44:04 INFO  valid result: 
recall@5 : 0.5334    recall@10 : 0.5932    ndcg@5 : 0.5895    ndcg@10 : 0.5893
Thu 02 Jun 2022 05:44:04 INFO  Saving current: /opt/ml/workspace/RecBole/model_saved/RecVAE-Jun-02-2022_04-18-51.pth
Thu 02 Jun 2022 05:44:17 INFO  epoch 53 training [time: 13.70s, train loss: 13720.7362]
Thu 02 Jun 2022 05:45:38 INFO  epoch 53 evaluating [time: 80.88s, valid_score: 0.588600]
Thu 02 Jun 2022 05:45:38 INFO  valid result: 
recall@5 : 0.5327    recall@10 : 0.5917    ndcg@5 : 0.5891    ndcg@10 : 0.5886
Thu 02 Jun 2022 05:45:52 INFO  epoch 54 training [time: 14.00s, train loss: 13651.4213]
Thu 02 Jun 2022 05:47:07 INFO  epoch 54 evaluating [time: 75.08s, valid_score: 0.588700]
Thu 02 Jun 2022 05:47:07 INFO  valid result: 
recall@5 : 0.5331    recall@10 : 0.5924    ndcg@5 : 0.5894    ndcg@10 : 0.5887
Thu 02 Jun 2022 05:47:22 INFO  epoch 55 training [time: 14.34s, train loss: 13639.8546]
Thu 02 Jun 2022 05:48:38 INFO  epoch 55 evaluating [time: 76.21s, valid_score: 0.588800]
Thu 02 Jun 2022 05:48:38 INFO  valid result: 
recall@5 : 0.5333    recall@10 : 0.5915    ndcg@5 : 0.59    ndcg@10 : 0.5888
Thu 02 Jun 2022 05:48:52 INFO  epoch 56 training [time: 13.90s, train loss: 13666.2934]
Thu 02 Jun 2022 05:50:13 INFO  epoch 56 evaluating [time: 80.98s, valid_score: 0.590500]
Thu 02 Jun 2022 05:50:13 INFO  valid result: 
recall@5 : 0.5336    recall@10 : 0.5943    ndcg@5 : 0.5907    ndcg@10 : 0.5905
Thu 02 Jun 2022 05:50:13 INFO  Saving current: /opt/ml/workspace/RecBole/model_saved/RecVAE-Jun-02-2022_04-18-51.pth
Thu 02 Jun 2022 05:50:27 INFO  epoch 57 training [time: 14.05s, train loss: 13658.0997]
Thu 02 Jun 2022 05:51:45 INFO  epoch 57 evaluating [time: 77.75s, valid_score: 0.590800]
Thu 02 Jun 2022 05:51:45 INFO  valid result: 
recall@5 : 0.5337    recall@10 : 0.5926    ndcg@5 : 0.5915    ndcg@10 : 0.5908
Thu 02 Jun 2022 05:51:45 INFO  Saving current: /opt/ml/workspace/RecBole/model_saved/RecVAE-Jun-02-2022_04-18-51.pth
Thu 02 Jun 2022 05:51:59 INFO  epoch 58 training [time: 14.06s, train loss: 13644.0241]
Thu 02 Jun 2022 05:53:13 INFO  epoch 58 evaluating [time: 74.39s, valid_score: 0.591100]
Thu 02 Jun 2022 05:53:13 INFO  valid result: 
recall@5 : 0.5341    recall@10 : 0.593    ndcg@5 : 0.5918    ndcg@10 : 0.5911
Thu 02 Jun 2022 05:53:13 INFO  Saving current: /opt/ml/workspace/RecBole/model_saved/RecVAE-Jun-02-2022_04-18-51.pth
Thu 02 Jun 2022 05:53:27 INFO  epoch 59 training [time: 14.01s, train loss: 13865.4243]
Thu 02 Jun 2022 05:54:46 INFO  epoch 59 evaluating [time: 78.34s, valid_score: 0.592500]
Thu 02 Jun 2022 05:54:46 INFO  valid result: 
recall@5 : 0.5354    recall@10 : 0.5924    ndcg@5 : 0.5946    ndcg@10 : 0.5925
Thu 02 Jun 2022 05:54:46 INFO  Saving current: /opt/ml/workspace/RecBole/model_saved/RecVAE-Jun-02-2022_04-18-51.pth
Thu 02 Jun 2022 05:55:00 INFO  epoch 60 training [time: 13.91s, train loss: 13623.3767]
Thu 02 Jun 2022 05:56:18 INFO  epoch 60 evaluating [time: 78.59s, valid_score: 0.593600]
Thu 02 Jun 2022 05:56:18 INFO  valid result: 
recall@5 : 0.5365    recall@10 : 0.5938    ndcg@5 : 0.5955    ndcg@10 : 0.5936
Thu 02 Jun 2022 05:56:18 INFO  Saving current: /opt/ml/workspace/RecBole/model_saved/RecVAE-Jun-02-2022_04-18-51.pth
Thu 02 Jun 2022 05:56:32 INFO  epoch 61 training [time: 14.08s, train loss: 13675.8465]
Thu 02 Jun 2022 05:57:54 INFO  epoch 61 evaluating [time: 81.27s, valid_score: 0.590700]
Thu 02 Jun 2022 05:57:54 INFO  valid result: 
recall@5 : 0.5352    recall@10 : 0.5926    ndcg@5 : 0.592    ndcg@10 : 0.5907
Thu 02 Jun 2022 05:58:08 INFO  epoch 62 training [time: 14.00s, train loss: 13718.1614]
Thu 02 Jun 2022 05:59:24 INFO  epoch 62 evaluating [time: 76.43s, valid_score: 0.591900]
Thu 02 Jun 2022 05:59:24 INFO  valid result: 
recall@5 : 0.5352    recall@10 : 0.5926    ndcg@5 : 0.5935    ndcg@10 : 0.5919
Thu 02 Jun 2022 05:59:39 INFO  epoch 63 training [time: 14.41s, train loss: 13628.5043]
Thu 02 Jun 2022 06:01:00 INFO  epoch 63 evaluating [time: 81.00s, valid_score: 0.591500]
Thu 02 Jun 2022 06:01:00 INFO  valid result: 
recall@5 : 0.5342    recall@10 : 0.591    ndcg@5 : 0.593    ndcg@10 : 0.5915
Thu 02 Jun 2022 06:01:14 INFO  epoch 64 training [time: 14.03s, train loss: 13664.7262]
Thu 02 Jun 2022 06:02:37 INFO  epoch 64 evaluating [time: 83.14s, valid_score: 0.591800]
Thu 02 Jun 2022 06:02:37 INFO  valid result: 
recall@5 : 0.5365    recall@10 : 0.5906    ndcg@5 : 0.5946    ndcg@10 : 0.5918
Thu 02 Jun 2022 06:02:51 INFO  epoch 65 training [time: 13.97s, train loss: 13577.0076]
Thu 02 Jun 2022 06:04:08 INFO  epoch 65 evaluating [time: 77.21s, valid_score: 0.591300]
Thu 02 Jun 2022 06:04:08 INFO  valid result: 
recall@5 : 0.5356    recall@10 : 0.5929    ndcg@5 : 0.5928    ndcg@10 : 0.5913
Thu 02 Jun 2022 06:04:22 INFO  epoch 66 training [time: 13.92s, train loss: 13614.7006]
Thu 02 Jun 2022 06:05:38 INFO  epoch 66 evaluating [time: 76.46s, valid_score: 0.592600]
Thu 02 Jun 2022 06:05:38 INFO  valid result: 
recall@5 : 0.5336    recall@10 : 0.5906    ndcg@5 : 0.5943    ndcg@10 : 0.5926
Thu 02 Jun 2022 06:05:52 INFO  epoch 67 training [time: 13.65s, train loss: 13598.8589]
Thu 02 Jun 2022 06:07:11 INFO  epoch 67 evaluating [time: 78.78s, valid_score: 0.593600]
Thu 02 Jun 2022 06:07:11 INFO  valid result: 
recall@5 : 0.5354    recall@10 : 0.5932    ndcg@5 : 0.5957    ndcg@10 : 0.5936
Thu 02 Jun 2022 06:07:11 INFO  Saving current: /opt/ml/workspace/RecBole/model_saved/RecVAE-Jun-02-2022_04-18-51.pth
Thu 02 Jun 2022 06:07:25 INFO  epoch 68 training [time: 14.05s, train loss: 13562.1478]
Thu 02 Jun 2022 06:08:45 INFO  epoch 68 evaluating [time: 79.93s, valid_score: 0.592400]
Thu 02 Jun 2022 06:08:45 INFO  valid result: 
recall@5 : 0.5353    recall@10 : 0.5926    ndcg@5 : 0.5945    ndcg@10 : 0.5924
Thu 02 Jun 2022 06:08:59 INFO  epoch 69 training [time: 14.05s, train loss: 13599.4797]
Thu 02 Jun 2022 06:10:19 INFO  epoch 69 evaluating [time: 79.89s, valid_score: 0.592700]
Thu 02 Jun 2022 06:10:19 INFO  valid result: 
recall@5 : 0.5356    recall@10 : 0.5924    ndcg@5 : 0.595    ndcg@10 : 0.5927
Thu 02 Jun 2022 06:10:33 INFO  epoch 70 training [time: 14.03s, train loss: 13544.6113]
Thu 02 Jun 2022 06:11:52 INFO  epoch 70 evaluating [time: 79.01s, valid_score: 0.594600]
Thu 02 Jun 2022 06:11:52 INFO  valid result: 
recall@5 : 0.5365    recall@10 : 0.593    ndcg@5 : 0.5966    ndcg@10 : 0.5946
Thu 02 Jun 2022 06:11:52 INFO  Saving current: /opt/ml/workspace/RecBole/model_saved/RecVAE-Jun-02-2022_04-18-51.pth
Thu 02 Jun 2022 06:12:06 INFO  epoch 71 training [time: 13.71s, train loss: 13555.7435]
Thu 02 Jun 2022 06:13:21 INFO  epoch 71 evaluating [time: 75.22s, valid_score: 0.593600]
Thu 02 Jun 2022 06:13:21 INFO  valid result: 
recall@5 : 0.5362    recall@10 : 0.5921    ndcg@5 : 0.5963    ndcg@10 : 0.5936
Thu 02 Jun 2022 06:13:35 INFO  epoch 72 training [time: 13.91s, train loss: 13531.1779]
Thu 02 Jun 2022 06:14:53 INFO  epoch 72 evaluating [time: 77.94s, valid_score: 0.593700]
Thu 02 Jun 2022 06:14:53 INFO  valid result: 
recall@5 : 0.5364    recall@10 : 0.5913    ndcg@5 : 0.5966    ndcg@10 : 0.5937
Thu 02 Jun 2022 06:15:06 INFO  epoch 73 training [time: 13.83s, train loss: 13526.2108]
Thu 02 Jun 2022 06:16:20 INFO  epoch 73 evaluating [time: 73.82s, valid_score: 0.593500]
Thu 02 Jun 2022 06:16:20 INFO  valid result: 
recall@5 : 0.5351    recall@10 : 0.5918    ndcg@5 : 0.5959    ndcg@10 : 0.5935
Thu 02 Jun 2022 06:16:34 INFO  epoch 74 training [time: 13.90s, train loss: 13590.7269]
Thu 02 Jun 2022 06:17:54 INFO  epoch 74 evaluating [time: 79.84s, valid_score: 0.593600]
Thu 02 Jun 2022 06:17:54 INFO  valid result: 
recall@5 : 0.5359    recall@10 : 0.5928    ndcg@5 : 0.5957    ndcg@10 : 0.5936
Thu 02 Jun 2022 06:18:08 INFO  epoch 75 training [time: 13.94s, train loss: 13490.5884]
Thu 02 Jun 2022 06:19:36 INFO  epoch 75 evaluating [time: 88.42s, valid_score: 0.594900]
Thu 02 Jun 2022 06:19:36 INFO  valid result: 
recall@5 : 0.5357    recall@10 : 0.5937    ndcg@5 : 0.5968    ndcg@10 : 0.5949
Thu 02 Jun 2022 06:19:36 INFO  Saving current: /opt/ml/workspace/RecBole/model_saved/RecVAE-Jun-02-2022_04-18-51.pth
Thu 02 Jun 2022 06:19:50 INFO  epoch 76 training [time: 13.96s, train loss: 13481.9658]
Thu 02 Jun 2022 06:21:11 INFO  epoch 76 evaluating [time: 81.08s, valid_score: 0.594300]
Thu 02 Jun 2022 06:21:11 INFO  valid result: 
recall@5 : 0.5364    recall@10 : 0.5949    ndcg@5 : 0.596    ndcg@10 : 0.5943
Thu 02 Jun 2022 06:21:26 INFO  epoch 77 training [time: 14.39s, train loss: 13472.7765]
Thu 02 Jun 2022 06:22:43 INFO  epoch 77 evaluating [time: 77.32s, valid_score: 0.595200]
Thu 02 Jun 2022 06:22:43 INFO  valid result: 
recall@5 : 0.5352    recall@10 : 0.5955    ndcg@5 : 0.5963    ndcg@10 : 0.5952
Thu 02 Jun 2022 06:22:43 INFO  Saving current: /opt/ml/workspace/RecBole/model_saved/RecVAE-Jun-02-2022_04-18-51.pth
Thu 02 Jun 2022 06:22:57 INFO  epoch 78 training [time: 14.05s, train loss: 13492.0804]
Thu 02 Jun 2022 06:24:14 INFO  epoch 78 evaluating [time: 76.81s, valid_score: 0.594500]
Thu 02 Jun 2022 06:24:14 INFO  valid result: 
recall@5 : 0.5365    recall@10 : 0.5941    ndcg@5 : 0.5966    ndcg@10 : 0.5945
Thu 02 Jun 2022 06:24:28 INFO  epoch 79 training [time: 13.75s, train loss: 13529.8660]
Thu 02 Jun 2022 06:25:51 INFO  epoch 79 evaluating [time: 82.94s, valid_score: 0.593900]
Thu 02 Jun 2022 06:25:51 INFO  valid result: 
recall@5 : 0.5366    recall@10 : 0.5925    ndcg@5 : 0.5963    ndcg@10 : 0.5939
Thu 02 Jun 2022 06:26:05 INFO  epoch 80 training [time: 13.92s, train loss: 13512.3133]
Thu 02 Jun 2022 06:27:29 INFO  epoch 80 evaluating [time: 83.76s, valid_score: 0.594200]
Thu 02 Jun 2022 06:27:29 INFO  valid result: 
recall@5 : 0.5366    recall@10 : 0.5929    ndcg@5 : 0.5962    ndcg@10 : 0.5942
Thu 02 Jun 2022 06:27:43 INFO  epoch 81 training [time: 14.02s, train loss: 13650.5366]
Thu 02 Jun 2022 06:29:07 INFO  epoch 81 evaluating [time: 83.94s, valid_score: 0.595400]
Thu 02 Jun 2022 06:29:07 INFO  valid result: 
recall@5 : 0.5367    recall@10 : 0.5937    ndcg@5 : 0.598    ndcg@10 : 0.5954
Thu 02 Jun 2022 06:29:07 INFO  Saving current: /opt/ml/workspace/RecBole/model_saved/RecVAE-Jun-02-2022_04-18-51.pth
Thu 02 Jun 2022 06:29:21 INFO  epoch 82 training [time: 14.21s, train loss: 13625.2350]
Thu 02 Jun 2022 06:30:42 INFO  epoch 82 evaluating [time: 80.89s, valid_score: 0.596800]
Thu 02 Jun 2022 06:30:42 INFO  valid result: 
recall@5 : 0.5379    recall@10 : 0.5944    ndcg@5 : 0.5992    ndcg@10 : 0.5968
Thu 02 Jun 2022 06:30:42 INFO  Saving current: /opt/ml/workspace/RecBole/model_saved/RecVAE-Jun-02-2022_04-18-51.pth
Thu 02 Jun 2022 06:30:56 INFO  epoch 83 training [time: 14.05s, train loss: 13481.7100]
Thu 02 Jun 2022 06:32:16 INFO  epoch 83 evaluating [time: 80.18s, valid_score: 0.595500]
Thu 02 Jun 2022 06:32:16 INFO  valid result: 
recall@5 : 0.5366    recall@10 : 0.5933    ndcg@5 : 0.598    ndcg@10 : 0.5955
Thu 02 Jun 2022 06:32:30 INFO  epoch 84 training [time: 14.14s, train loss: 13479.6633]
Thu 02 Jun 2022 06:33:47 INFO  epoch 84 evaluating [time: 76.42s, valid_score: 0.593600]
Thu 02 Jun 2022 06:33:47 INFO  valid result: 
recall@5 : 0.5366    recall@10 : 0.5928    ndcg@5 : 0.5962    ndcg@10 : 0.5936
Thu 02 Jun 2022 06:34:00 INFO  epoch 85 training [time: 13.69s, train loss: 13463.2479]
Thu 02 Jun 2022 06:35:19 INFO  epoch 85 evaluating [time: 79.01s, valid_score: 0.593500]
Thu 02 Jun 2022 06:35:19 INFO  valid result: 
recall@5 : 0.5356    recall@10 : 0.5927    ndcg@5 : 0.596    ndcg@10 : 0.5935
Thu 02 Jun 2022 06:35:33 INFO  epoch 86 training [time: 14.11s, train loss: 13455.7095]
Thu 02 Jun 2022 06:36:53 INFO  epoch 86 evaluating [time: 79.64s, valid_score: 0.593200]
Thu 02 Jun 2022 06:36:53 INFO  valid result: 
recall@5 : 0.5347    recall@10 : 0.5931    ndcg@5 : 0.5948    ndcg@10 : 0.5932
Thu 02 Jun 2022 06:37:07 INFO  epoch 87 training [time: 14.13s, train loss: 13426.9296]
Thu 02 Jun 2022 06:38:31 INFO  epoch 87 evaluating [time: 84.15s, valid_score: 0.596900]
Thu 02 Jun 2022 06:38:31 INFO  valid result: 
recall@5 : 0.5387    recall@10 : 0.5947    ndcg@5 : 0.5999    ndcg@10 : 0.5969
Thu 02 Jun 2022 06:38:31 INFO  Saving current: /opt/ml/workspace/RecBole/model_saved/RecVAE-Jun-02-2022_04-18-51.pth
Thu 02 Jun 2022 06:38:45 INFO  epoch 88 training [time: 14.00s, train loss: 13381.1733]
Thu 02 Jun 2022 06:40:04 INFO  epoch 88 evaluating [time: 78.38s, valid_score: 0.597200]
Thu 02 Jun 2022 06:40:04 INFO  valid result: 
recall@5 : 0.538    recall@10 : 0.593    ndcg@5 : 0.6007    ndcg@10 : 0.5972
Thu 02 Jun 2022 06:40:04 INFO  Saving current: /opt/ml/workspace/RecBole/model_saved/RecVAE-Jun-02-2022_04-18-51.pth
Thu 02 Jun 2022 06:40:18 INFO  epoch 89 training [time: 14.21s, train loss: 13505.9096]
Thu 02 Jun 2022 06:41:39 INFO  epoch 89 evaluating [time: 80.90s, valid_score: 0.594500]
Thu 02 Jun 2022 06:41:39 INFO  valid result: 
recall@5 : 0.5351    recall@10 : 0.5932    ndcg@5 : 0.5966    ndcg@10 : 0.5945
Thu 02 Jun 2022 06:41:53 INFO  epoch 90 training [time: 14.13s, train loss: 13415.4856]
Thu 02 Jun 2022 06:43:16 INFO  epoch 90 evaluating [time: 82.83s, valid_score: 0.594200]
Thu 02 Jun 2022 06:43:16 INFO  valid result: 
recall@5 : 0.5363    recall@10 : 0.5933    ndcg@5 : 0.5964    ndcg@10 : 0.5942
Thu 02 Jun 2022 06:43:30 INFO  epoch 91 training [time: 14.05s, train loss: 13422.9238]
Thu 02 Jun 2022 06:44:50 INFO  epoch 91 evaluating [time: 79.67s, valid_score: 0.594000]
Thu 02 Jun 2022 06:44:50 INFO  valid result: 
recall@5 : 0.5359    recall@10 : 0.5927    ndcg@5 : 0.5961    ndcg@10 : 0.594
Thu 02 Jun 2022 06:45:04 INFO  epoch 92 training [time: 13.92s, train loss: 13423.1063]
Thu 02 Jun 2022 06:46:23 INFO  epoch 92 evaluating [time: 78.95s, valid_score: 0.595400]
Thu 02 Jun 2022 06:46:23 INFO  valid result: 
recall@5 : 0.5375    recall@10 : 0.5921    ndcg@5 : 0.5985    ndcg@10 : 0.5954
Thu 02 Jun 2022 06:46:36 INFO  epoch 93 training [time: 13.60s, train loss: 13469.2781]
Thu 02 Jun 2022 06:48:00 INFO  epoch 93 evaluating [time: 83.49s, valid_score: 0.597000]
Thu 02 Jun 2022 06:48:00 INFO  valid result: 
recall@5 : 0.5369    recall@10 : 0.5932    ndcg@5 : 0.6001    ndcg@10 : 0.597
Thu 02 Jun 2022 06:48:14 INFO  epoch 94 training [time: 14.07s, train loss: 13359.9142]
Thu 02 Jun 2022 06:49:32 INFO  epoch 94 evaluating [time: 78.75s, valid_score: 0.596800]
Thu 02 Jun 2022 06:49:32 INFO  valid result: 
recall@5 : 0.5383    recall@10 : 0.593    ndcg@5 : 0.6001    ndcg@10 : 0.5968
Thu 02 Jun 2022 06:49:46 INFO  epoch 95 training [time: 13.97s, train loss: 13375.6844]
Thu 02 Jun 2022 06:51:03 INFO  epoch 95 evaluating [time: 76.90s, valid_score: 0.595400]
Thu 02 Jun 2022 06:51:03 INFO  valid result: 
recall@5 : 0.5379    recall@10 : 0.5931    ndcg@5 : 0.5983    ndcg@10 : 0.5954
Thu 02 Jun 2022 06:51:17 INFO  epoch 96 training [time: 13.87s, train loss: 13487.7435]
Thu 02 Jun 2022 06:52:40 INFO  epoch 96 evaluating [time: 82.58s, valid_score: 0.594300]
Thu 02 Jun 2022 06:52:40 INFO  valid result: 
recall@5 : 0.5369    recall@10 : 0.5919    ndcg@5 : 0.5972    ndcg@10 : 0.5943
Thu 02 Jun 2022 06:52:54 INFO  epoch 97 training [time: 13.90s, train loss: 13390.1531]
Thu 02 Jun 2022 06:54:10 INFO  epoch 97 evaluating [time: 75.83s, valid_score: 0.595800]
Thu 02 Jun 2022 06:54:10 INFO  valid result: 
recall@5 : 0.538    recall@10 : 0.5907    ndcg@5 : 0.5999    ndcg@10 : 0.5958
Thu 02 Jun 2022 06:54:24 INFO  epoch 98 training [time: 14.06s, train loss: 13383.2314]
Thu 02 Jun 2022 06:55:39 INFO  epoch 98 evaluating [time: 74.96s, valid_score: 0.597200]
Thu 02 Jun 2022 06:55:39 INFO  valid result: 
recall@5 : 0.5399    recall@10 : 0.5944    ndcg@5 : 0.6008    ndcg@10 : 0.5972
Thu 02 Jun 2022 06:55:39 INFO  Saving current: /opt/ml/workspace/RecBole/model_saved/RecVAE-Jun-02-2022_04-18-51.pth
Thu 02 Jun 2022 06:55:53 INFO  epoch 99 training [time: 14.05s, train loss: 13391.3963]
Thu 02 Jun 2022 06:57:13 INFO  epoch 99 evaluating [time: 79.96s, valid_score: 0.597500]
Thu 02 Jun 2022 06:57:13 INFO  valid result: 
recall@5 : 0.5369    recall@10 : 0.5928    ndcg@5 : 0.6008    ndcg@10 : 0.5975
Thu 02 Jun 2022 06:57:13 INFO  Saving current: /opt/ml/workspace/RecBole/model_saved/RecVAE-Jun-02-2022_04-18-51.pth
Thu 02 Jun 2022 06:57:27 INFO  epoch 100 training [time: 14.19s, train loss: 13403.3149]
Thu 02 Jun 2022 06:58:45 INFO  epoch 100 evaluating [time: 77.97s, valid_score: 0.597100]
Thu 02 Jun 2022 06:58:45 INFO  valid result: 
recall@5 : 0.5376    recall@10 : 0.5942    ndcg@5 : 0.5997    ndcg@10 : 0.5971
Thu 02 Jun 2022 06:58:59 INFO  epoch 101 training [time: 13.91s, train loss: 13357.5317]
Thu 02 Jun 2022 07:00:30 INFO  epoch 101 evaluating [time: 90.69s, valid_score: 0.598200]
Thu 02 Jun 2022 07:00:30 INFO  valid result: 
recall@5 : 0.5385    recall@10 : 0.5943    ndcg@5 : 0.6016    ndcg@10 : 0.5982
Thu 02 Jun 2022 07:00:30 INFO  Saving current: /opt/ml/workspace/RecBole/model_saved/RecVAE-Jun-02-2022_04-18-51.pth
Thu 02 Jun 2022 07:00:44 INFO  epoch 102 training [time: 13.97s, train loss: 13336.6516]
Thu 02 Jun 2022 07:02:00 INFO  epoch 102 evaluating [time: 76.57s, valid_score: 0.599900]
Thu 02 Jun 2022 07:02:00 INFO  valid result: 
recall@5 : 0.5405    recall@10 : 0.5949    ndcg@5 : 0.6036    ndcg@10 : 0.5999
Thu 02 Jun 2022 07:02:00 INFO  Saving current: /opt/ml/workspace/RecBole/model_saved/RecVAE-Jun-02-2022_04-18-51.pth
Thu 02 Jun 2022 07:02:14 INFO  epoch 103 training [time: 13.82s, train loss: 13349.4818]
Thu 02 Jun 2022 07:03:30 INFO  epoch 103 evaluating [time: 75.80s, valid_score: 0.598900]
Thu 02 Jun 2022 07:03:30 INFO  valid result: 
recall@5 : 0.54    recall@10 : 0.5952    ndcg@5 : 0.6021    ndcg@10 : 0.5989
Thu 02 Jun 2022 07:03:44 INFO  epoch 104 training [time: 14.01s, train loss: 13406.2168]
Thu 02 Jun 2022 07:04:57 INFO  epoch 104 evaluating [time: 73.53s, valid_score: 0.599900]
Thu 02 Jun 2022 07:04:57 INFO  valid result: 
recall@5 : 0.5404    recall@10 : 0.5958    ndcg@5 : 0.6033    ndcg@10 : 0.5999
Thu 02 Jun 2022 07:04:58 INFO  Saving current: /opt/ml/workspace/RecBole/model_saved/RecVAE-Jun-02-2022_04-18-51.pth
Thu 02 Jun 2022 07:05:10 INFO  epoch 105 training [time: 12.57s, train loss: 13353.5611]
Thu 02 Jun 2022 07:06:22 INFO  epoch 105 evaluating [time: 71.48s, valid_score: 0.597800]
Thu 02 Jun 2022 07:06:22 INFO  valid result: 
recall@5 : 0.5385    recall@10 : 0.5939    ndcg@5 : 0.6012    ndcg@10 : 0.5978
Thu 02 Jun 2022 07:06:35 INFO  epoch 106 training [time: 13.16s, train loss: 13301.2084]
Thu 02 Jun 2022 07:08:00 INFO  epoch 106 evaluating [time: 85.00s, valid_score: 0.601000]
Thu 02 Jun 2022 07:08:00 INFO  valid result: 
recall@5 : 0.5409    recall@10 : 0.5943    ndcg@5 : 0.6055    ndcg@10 : 0.601
Thu 02 Jun 2022 07:08:00 INFO  Saving current: /opt/ml/workspace/RecBole/model_saved/RecVAE-Jun-02-2022_04-18-51.pth
Thu 02 Jun 2022 07:08:14 INFO  epoch 107 training [time: 13.99s, train loss: 13314.2120]
Thu 02 Jun 2022 07:09:35 INFO  epoch 107 evaluating [time: 81.66s, valid_score: 0.596700]
Thu 02 Jun 2022 07:09:35 INFO  valid result: 
recall@5 : 0.5383    recall@10 : 0.594    ndcg@5 : 0.5999    ndcg@10 : 0.5967
Thu 02 Jun 2022 07:09:50 INFO  epoch 108 training [time: 14.03s, train loss: 13337.7493]
Thu 02 Jun 2022 07:11:10 INFO  epoch 108 evaluating [time: 80.34s, valid_score: 0.597300]
Thu 02 Jun 2022 07:11:10 INFO  valid result: 
recall@5 : 0.5382    recall@10 : 0.594    ndcg@5 : 0.6005    ndcg@10 : 0.5973
Thu 02 Jun 2022 07:11:24 INFO  epoch 109 training [time: 14.54s, train loss: 13309.9554]
Thu 02 Jun 2022 07:12:48 INFO  epoch 109 evaluating [time: 84.03s, valid_score: 0.596600]
Thu 02 Jun 2022 07:12:48 INFO  valid result: 
recall@5 : 0.5375    recall@10 : 0.5926    ndcg@5 : 0.6001    ndcg@10 : 0.5966
Thu 02 Jun 2022 07:13:03 INFO  epoch 110 training [time: 14.31s, train loss: 13305.7358]
Thu 02 Jun 2022 07:14:22 INFO  epoch 110 evaluating [time: 78.86s, valid_score: 0.599000]
Thu 02 Jun 2022 07:14:22 INFO  valid result: 
recall@5 : 0.5382    recall@10 : 0.5943    ndcg@5 : 0.6022    ndcg@10 : 0.599
Thu 02 Jun 2022 07:14:36 INFO  epoch 111 training [time: 13.99s, train loss: 13287.9688]
Thu 02 Jun 2022 07:15:53 INFO  epoch 111 evaluating [time: 77.35s, valid_score: 0.598800]
Thu 02 Jun 2022 07:15:53 INFO  valid result: 
recall@5 : 0.538    recall@10 : 0.5933    ndcg@5 : 0.6022    ndcg@10 : 0.5988
Thu 02 Jun 2022 07:16:07 INFO  epoch 112 training [time: 14.11s, train loss: 13255.4452]
Thu 02 Jun 2022 07:17:22 INFO  epoch 112 evaluating [time: 74.56s, valid_score: 0.598800]
Thu 02 Jun 2022 07:17:22 INFO  valid result: 
recall@5 : 0.5386    recall@10 : 0.5928    ndcg@5 : 0.6026    ndcg@10 : 0.5988
Thu 02 Jun 2022 07:17:36 INFO  epoch 113 training [time: 14.27s, train loss: 13293.8545]
Thu 02 Jun 2022 07:18:59 INFO  epoch 113 evaluating [time: 82.74s, valid_score: 0.599400]
Thu 02 Jun 2022 07:18:59 INFO  valid result: 
recall@5 : 0.539    recall@10 : 0.5947    ndcg@5 : 0.603    ndcg@10 : 0.5994
Thu 02 Jun 2022 07:19:13 INFO  epoch 114 training [time: 13.96s, train loss: 13252.1022]
Thu 02 Jun 2022 07:20:34 INFO  epoch 114 evaluating [time: 81.73s, valid_score: 0.598500]
Thu 02 Jun 2022 07:20:34 INFO  valid result: 
recall@5 : 0.5378    recall@10 : 0.5928    ndcg@5 : 0.602    ndcg@10 : 0.5985
Thu 02 Jun 2022 07:20:48 INFO  epoch 115 training [time: 13.46s, train loss: 13422.6498]
Thu 02 Jun 2022 07:22:05 INFO  epoch 115 evaluating [time: 77.35s, valid_score: 0.598900]
Thu 02 Jun 2022 07:22:05 INFO  valid result: 
recall@5 : 0.5396    recall@10 : 0.5953    ndcg@5 : 0.6024    ndcg@10 : 0.5989
Thu 02 Jun 2022 07:22:19 INFO  epoch 116 training [time: 14.28s, train loss: 13258.7742]
Thu 02 Jun 2022 07:23:42 INFO  epoch 116 evaluating [time: 82.87s, valid_score: 0.598800]
Thu 02 Jun 2022 07:23:42 INFO  valid result: 
recall@5 : 0.5397    recall@10 : 0.5944    ndcg@5 : 0.6028    ndcg@10 : 0.5988
Thu 02 Jun 2022 07:23:57 INFO  epoch 117 training [time: 14.27s, train loss: 13421.6332]
Thu 02 Jun 2022 07:25:19 INFO  epoch 117 evaluating [time: 82.31s, valid_score: 0.597900]
Thu 02 Jun 2022 07:25:19 INFO  valid result: 
recall@5 : 0.5395    recall@10 : 0.5931    ndcg@5 : 0.6023    ndcg@10 : 0.5979
Thu 02 Jun 2022 07:25:19 INFO  Finished training, best eval result in epoch 106
Thu 02 Jun 2022 07:25:19 INFO  Loading model structure and parameters from /opt/ml/workspace/RecBole/model_saved/RecVAE-Jun-02-2022_04-18-51.pth
Thu 02 Jun 2022 07:26:46 INFO  best valid : OrderedDict([('recall@5', 0.5409), ('recall@10', 0.5943), ('ndcg@5', 0.6055), ('ndcg@10', 0.601)])
Thu 02 Jun 2022 07:26:46 INFO  test result: OrderedDict([('recall@5', 0.5248), ('recall@10', 0.5776), ('ndcg@5', 0.5813), ('ndcg@10', 0.5781)])
